PS D:\QWLSTM> & D:/anaconda/envs/RWN/python.exe d:/QWLSTM/qrf改进.py
D:\anaconda\envs\RWN\Lib\site-packages\arch\univariate\base.py:309: DataScaleWarning: y is poorly scaled, which may affect convergence of the optimizer when
estimating the model parameters. The scale of y is 0.0001556. Parameter
estimation work better when this value is between 1 and 1000. The recommended
rescaling is 100 * y.

This warning can be disabled by either rescaling y before initializing the
model or by setting rescale=False.

  warnings.warn(
Iteration:      1,   Func. Count:      6,   Neg. LLF: 2.701077190356987e+21
Iteration:      2,   Func. Count:     20,   Neg. LLF: 1.785812174678642e+27
Iteration:      3,   Func. Count:     35,   Neg. LLF: 3.6251692647366606e+24
Iteration:      4,   Func. Count:     50,   Neg. LLF: 7.96908328729053e+23
Iteration:      5,   Func. Count:     65,   Neg. LLF: 4185508334401.976
Iteration:      6,   Func. Count:     78,   Neg. LLF: 7.809872585670945e+18
Iteration:      7,   Func. Count:     93,   Neg. LLF: 4105209647704.645
Iteration:      8,   Func. Count:    106,   Neg. LLF: 6.910482946650934e+20
Iteration:      9,   Func. Count:    121,   Neg. LLF: 920832492504.609
Iteration:     10,   Func. Count:    132,   Neg. LLF: 9.85524415218937e+19
Iteration:     11,   Func. Count:    145,   Neg. LLF: 55025465814538.43
Iteration:     12,   Func. Count:    160,   Neg. LLF: 4.464219608205667e+22
Iteration:     13,   Func. Count:    174,   Neg. LLF: -5643.225776443665
Optimization terminated successfully    (Exit mode 0)
            Current function value: -5643.225769421766
            Iterations: 17
            Function evaluations: 174
            Gradient evaluations: 13
Using device: cpu
数据预处理完成：训练集、验证集、测试集尺寸分别为 (1210, 150) (173, 150) (346, 150)
|   iter    |  target   | max_depth | min_sa... | min_sa... | n_esti... |
-------------------------------------------------------------------------
106.76592489236691
kupiec 检验：不拒绝原假设, 违约次数: 16
Loss: -0.007514450867052033 (n_estimators: 95, min_samples_split: 2, min_samples_leaf: 11, max_depth: 10)
| 1         | -0.007514 | 10.09     | 11.08     | 2.002     | 95.35     |
111.16037404703935
kupiec 检验：不拒绝原假设, 违约次数: 17
Loss: -0.0017341040462427737 (n_estimators: 101, min_samples_split: 5, min_samples_leaf: 2, max_depth: 5)
| 2         | -0.001734 | 5.495     | 2.293     | 5.353     | 101.8     |
119.94927235638423
kupiec 检验：不拒绝原假设, 违约次数: 19
Loss: -0.009826589595375718 (n_estimators: 152, min_samples_split: 9, min_samples_leaf: 8, max_depth: 9)
| 3         | -0.009827 | 9.745     | 8.543     | 9.546     | 152.8     |
106.76592489236691
kupiec 检验：不拒绝原假设, 违约次数: 16
Loss: -0.007514450867052033 (n_estimators: 150, min_samples_split: 2, min_samples_leaf: 13, max_depth: 6)
| 4         | -0.007514 | 6.476     | 13.29     | 2.493     | 150.6     |
111.16037404703935
kupiec 检验：不拒绝原假设, 违约次数: 17
Loss: -0.0017341040462427737 (n_estimators: 79, min_samples_split: 4, min_samples_leaf: 8, max_depth: 10)
| 5         | -0.001734 | 10.09     | 8.822     | 4.527     | 79.72     |
111.16037404703935
kupiec 检验：不拒绝原假设, 违约次数: 17
Loss: -0.0017341040462427737 (n_estimators: 153, min_samples_split: 7, min_samples_leaf: 14, max_depth: 16)
| 6         | -0.001734 | 16.61     | 14.56     | 7.642     | 153.8     |
128.73817066572911
kupiec 检验：不拒绝原假设, 违约次数: 21
Loss: -0.02138728323699421 (n_estimators: 55, min_samples_split: 3, min_samples_leaf: 13, max_depth: 17)
| 7         | -0.02139  | 17.9      | 13.52     | 3.531     | 55.86     |
102.37147573769447
kupiec 检验：不拒绝原假设, 违约次数: 15
Loss: -0.013294797687861279 (n_estimators: 113, min_samples_split: 3, min_samples_leaf: 13, max_depth: 5)
| 8         | -0.01329  | 5.887     | 13.29     | 3.77      | 113.2     |
102.37147573769447
kupiec 检验：不拒绝原假设, 违约次数: 15
Loss: -0.013294797687861279 (n_estimators: 97, min_samples_split: 14, min_samples_leaf: 8, max_depth: 19)
| 9         | -0.01329  | 19.28     | 8.464     | 14.45     | 97.33     |
102.37147573769447
kupiec 检验：不拒绝原假设, 违约次数: 15
Loss: -0.013294797687861279 (n_estimators: 162, min_samples_split: 2, min_samples_leaf: 12, max_depth: 14)
| 10        | -0.01329  | 14.67     | 12.68     | 2.329     | 162.5     |
111.16037404703935
kupiec 检验：不拒绝原假设, 违约次数: 17
Loss: -0.0017341040462427737 (n_estimators: 168, min_samples_split: 7, min_samples_leaf: 11, max_depth: 19)
| 11        | -0.001734 | 19.81     | 11.47     | 7.048     | 168.4     |
106.76592489236691
kupiec 检验：不拒绝原假设, 违约次数: 16
Loss: -0.007514450867052033 (n_estimators: 94, min_samples_split: 18, min_samples_leaf: 7, max_depth: 4)
| 12        | -0.007514 | 4.755     | 7.271     | 18.35     | 94.04     |
115.55482320171178
kupiec 检验：不拒绝原假设, 违约次数: 18
Loss: -0.004046242774566472 (n_estimators: 151, min_samples_split: 2, min_samples_leaf: 2, max_depth: 7)
| 13        | -0.004046 | 7.892     | 2.82      | 2.349     | 151.8     |
128.73817066572911
kupiec 检验：不拒绝原假设, 违约次数: 21
Loss: -0.02138728323699421 (n_estimators: 58, min_samples_split: 10, min_samples_leaf: 4, max_depth: 6)
| 14        | -0.02139  | 6.598     | 4.718     | 10.85     | 58.0      |
111.16037404703935
kupiec 检验：不拒绝原假设, 违约次数: 17
Loss: -0.0017341040462427737 (n_estimators: 154, min_samples_split: 12, min_samples_leaf: 3, max_depth: 12)
| 15        | -0.001734 | 12.76     | 3.054     | 12.61     | 155.0     |
115.55482320171178
kupiec 检验：不拒绝原假设, 违约次数: 18
Loss: -0.004046242774566472 (n_estimators: 112, min_samples_split: 14, min_samples_leaf: 6, max_depth: 4)
| 16        | -0.004046 | 4.74      | 6.797     | 14.5      | 112.1     |
111.16037404703935
kupiec 检验：不拒绝原假设, 违约次数: 17
Loss: -0.0017341040462427737 (n_estimators: 127, min_samples_split: 13, min_samples_leaf: 8, max_depth: 3)
| 17        | -0.001734 | 3.849     | 8.503     | 13.95     | 127.2     |
119.94927235638423
kupiec 检验：不拒绝原假设, 违约次数: 19
Loss: -0.009826589595375718 (n_estimators: 70, min_samples_split: 18, min_samples_leaf: 9, max_depth: 19)
| 18        | -0.009827 | 19.06     | 9.212     | 18.26     | 70.62     |
93.5825774283496
kupiec 检验：不拒绝原假设, 违约次数: 13
Loss: -0.02485549132947977 (n_estimators: 74, min_samples_split: 9, min_samples_leaf: 12, max_depth: 5)
| 19        | -0.02486  | 5.368     | 12.3      | 9.158     | 74.8      |
115.55482320171178
kupiec 检验：不拒绝原假设, 违约次数: 18
Loss: -0.004046242774566472 (n_estimators: 158, min_samples_split: 15, min_samples_leaf: 5, max_depth: 18)
| 20        | -0.004046 | 18.77     | 5.869     | 15.51     | 158.9     |
102.37147573769447
kupiec 检验：不拒绝原假设, 违约次数: 15
Loss: -0.013294797687861279 (n_estimators: 102, min_samples_split: 15, min_samples_leaf: 9, max_depth: 18)
| 21        | -0.01329  | 18.02     | 9.731     | 15.52     | 102.3     |
106.76592489236691
kupiec 检验：不拒绝原假设, 违约次数: 16
Loss: -0.007514450867052033 (n_estimators: 194, min_samples_split: 9, min_samples_leaf: 13, max_depth: 7)
| 22        | -0.007514 | 7.589     | 13.54     | 9.706     | 194.7     |
119.94927235638423
kupiec 检验：不拒绝原假设, 违约次数: 19
Loss: -0.009826589595375718 (n_estimators: 192, min_samples_split: 4, min_samples_leaf: 9, max_depth: 14)
| 23        | -0.009827 | 14.28     | 9.704     | 4.065     | 192.4     |
128.73817066572911
kupiec 检验：不拒绝原假设, 违约次数: 21
Loss: -0.02138728323699421 (n_estimators: 85, min_samples_split: 9, min_samples_leaf: 9, max_depth: 10)
| 24        | -0.02139  | 10.65     | 9.097     | 9.346     | 85.55     |
111.16037404703935
kupiec 检验：不拒绝原假设, 违约次数: 17
Loss: -0.0017341040462427737 (n_estimators: 142, min_samples_split: 2, min_samples_leaf: 9, max_depth: 18)
| 25        | -0.001734 | 18.36     | 9.032     | 2.052     | 142.6     |
115.55482320171178
kupiec 检验：不拒绝原假设, 违约次数: 18
Loss: -0.004046242774566472 (n_estimators: 103, min_samples_split: 17, min_samples_leaf: 8, max_depth: 8)
| 26        | -0.004046 | 8.553     | 8.379     | 17.95     | 103.6     |
93.5825774283496
kupiec 检验：不拒绝原假设, 违约次数: 13
Loss: -0.02485549132947977 (n_estimators: 189, min_samples_split: 2, min_samples_leaf: 9, max_depth: 18)
| 27        | -0.02486  | 18.45     | 9.727     | 2.285     | 189.4     |
119.94927235638423
kupiec 检验：不拒绝原假设, 违约次数: 19
Loss: -0.009826589595375718 (n_estimators: 70, min_samples_split: 5, min_samples_leaf: 14, max_depth: 14)
| 28        | -0.009827 | 14.75     | 14.96     | 5.102     | 70.57     |
115.55482320171178
kupiec 检验：不拒绝原假设, 违约次数: 18
Loss: -0.004046242774566472 (n_estimators: 163, min_samples_split: 3, min_samples_leaf: 10, max_depth: 18)
| 29        | -0.004046 | 18.85     | 10.76     | 3.188     | 163.3     |
119.94927235638423
kupiec 检验：不拒绝原假设, 违约次数: 19
Loss: -0.009826589595375718 (n_estimators: 68, min_samples_split: 14, min_samples_leaf: 13, max_depth: 15)
| 30        | -0.009827 | 15.82     | 13.92     | 14.81     | 68.64     |
111.16037404703935
kupiec 检验：不拒绝原假设, 违约次数: 17
Loss: -0.0017341040462427737 (n_estimators: 143, min_samples_split: 2, min_samples_leaf: 8, max_depth: 19)
| 31        | -0.001734 | 19.34     | 8.662     | 2.513     | 143.1     |
111.16037404703935
kupiec 检验：不拒绝原假设, 违约次数: 17
Loss: -0.0017341040462427737 (n_estimators: 155, min_samples_split: 15, min_samples_leaf: 3, max_depth: 15)
| 32        | -0.001734 | 15.61     | 3.049     | 15.71     | 155.3     |
102.37147573769447
kupiec 检验：不拒绝原假设, 违约次数: 15
Loss: -0.013294797687861279 (n_estimators: 155, min_samples_split: 9, min_samples_leaf: 9, max_depth: 17)
| 33        | -0.01329  | 17.98     | 9.335     | 9.555     | 155.6     |
111.16037404703935
kupiec 检验：不拒绝原假设, 违约次数: 17
Loss: -0.0017341040462427737 (n_estimators: 158, min_samples_split: 14, min_samples_leaf: 5, max_depth: 13)
| 34        | -0.001734 | 13.43     | 5.625     | 14.98     | 158.9     |
106.76592489236691
kupiec 检验：不拒绝原假设, 违约次数: 16
Loss: -0.007514450867052033 (n_estimators: 157, min_samples_split: 12, min_samples_leaf: 1, max_depth: 15)
| 35        | -0.007514 | 15.95     | 1.728     | 12.8      | 158.0     |
111.16037404703935
kupiec 检验：不拒绝原假设, 违约次数: 17
Loss: -0.0017341040462427737 (n_estimators: 155, min_samples_split: 17, min_samples_leaf: 3, max_depth: 11)
| 36        | -0.001734 | 11.7      | 3.166     | 17.87     | 155.6     |
124.34372151105667
kupiec 检验：不拒绝原假设, 违约次数: 20
Loss: -0.015606936416184963 (n_estimators: 154, min_samples_split: 16, min_samples_leaf: 7, max_depth: 14)
| 37        | -0.01561  | 14.74     | 7.939     | 16.93     | 154.9     |
111.16037404703935
kupiec 检验：不拒绝原假设, 违约次数: 17
Loss: -0.0017341040462427737 (n_estimators: 158, min_samples_split: 16, min_samples_leaf: 1, max_depth: 10)
| 38        | -0.001734 | 10.99     | 1.875     | 16.78     | 159.0     |
115.55482320171178
kupiec 检验：不拒绝原假设, 违约次数: 18
Loss: -0.004046242774566472 (n_estimators: 159, min_samples_split: 18, min_samples_leaf: 2, max_depth: 15)
| 39        | -0.004046 | 15.08     | 2.54      | 18.14     | 159.1     |
111.16037404703935
kupiec 检验：不拒绝原假设, 违约次数: 17
Loss: -0.0017341040462427737 (n_estimators: 155, min_samples_split: 15, min_samples_leaf: 2, max_depth: 6)
| 40        | -0.001734 | 6.979     | 2.158     | 15.27     | 155.2     |
115.55482320171178
kupiec 检验：不拒绝原假设, 违约次数: 18
Loss: -0.004046242774566472 (n_estimators: 159, min_samples_split: 12, min_samples_leaf: 2, max_depth: 8)
| 41        | -0.004046 | 8.331     | 2.603     | 12.72     | 159.0     |
115.55482320171178
kupiec 检验：不拒绝原假设, 违约次数: 18
Loss: -0.004046242774566472 (n_estimators: 148, min_samples_split: 2, min_samples_leaf: 14, max_depth: 17)
| 42        | -0.004046 | 17.99     | 14.74     | 2.951     | 148.7     |
119.94927235638423
kupiec 检验：不拒绝原假设, 违约次数: 19
Loss: -0.009826589595375718 (n_estimators: 77, min_samples_split: 2, min_samples_leaf: 5, max_depth: 10)
| 43        | -0.009827 | 10.03     | 5.353     | 2.182     | 77.91     |
111.16037404703935
kupiec 检验：不拒绝原假设, 违约次数: 17
Loss: -0.0017341040462427737 (n_estimators: 103, min_samples_split: 10, min_samples_leaf: 2, max_depth: 5)
| 44        | -0.001734 | 5.916     | 2.573     | 10.93     | 103.5     |
111.16037404703935
kupiec 检验：不拒绝原假设, 违约次数: 17
Loss: -0.0017341040462427737 (n_estimators: 107, min_samples_split: 6, min_samples_leaf: 2, max_depth: 6)
| 45        | -0.001734 | 6.803     | 2.9       | 6.852     | 107.6     |
119.94927235638423
kupiec 检验：不拒绝原假设, 违约次数: 19
Loss: -0.009826589595375718 (n_estimators: 103, min_samples_split: 7, min_samples_leaf: 2, max_depth: 10)
| 46        | -0.009827 | 10.93     | 2.803     | 7.15      | 103.4     |
115.55482320171178
kupiec 检验：不拒绝原假设, 违约次数: 18
Loss: -0.004046242774566472 (n_estimators: 103, min_samples_split: 8, min_samples_leaf: 6, max_depth: 3)
| 47        | -0.004046 | 3.495     | 6.865     | 8.49      | 103.7     |
106.76592489236691
kupiec 检验：不拒绝原假设, 违约次数: 16
Loss: -0.007514450867052033 (n_estimators: 151, min_samples_split: 15, min_samples_leaf: 1, max_depth: 11)
| 48        | -0.007514 | 11.85     | 1.558     | 15.14     | 151.7     |
115.55482320171178
kupiec 检验：不拒绝原假设, 违约次数: 18
Loss: -0.004046242774566472 (n_estimators: 106, min_samples_split: 13, min_samples_leaf: 3, max_depth: 3)
| 49        | -0.004046 | 3.06      | 3.423     | 13.54     | 106.5     |
84.79367911900472
kupiec 检验：不拒绝原假设, 违约次数: 11
Loss: -0.036416184971098275 (n_estimators: 106, min_samples_split: 3, min_samples_leaf: 1, max_depth: 4)
| 50        | -0.03642  | 4.136     | 1.277     | 3.219     | 106.2     |
115.55482320171178
kupiec 检验：不拒绝原假设, 违约次数: 18
Loss: -0.004046242774566472 (n_estimators: 106, min_samples_split: 10, min_samples_leaf: 4, max_depth: 5)
| 51        | -0.004046 | 5.451     | 4.097     | 10.51     | 106.5     |
111.16037404703935
kupiec 检验：不拒绝原假设, 违约次数: 17
Loss: -0.0017341040462427737 (n_estimators: 99, min_samples_split: 7, min_samples_leaf: 3, max_depth: 5)
| 52        | -0.001734 | 5.411     | 3.831     | 7.207     | 99.88     |
115.55482320171178
kupiec 检验：不拒绝原假设, 违约次数: 18
Loss: -0.004046242774566472 (n_estimators: 156, min_samples_split: 13, min_samples_leaf: 1, max_depth: 10)
| 53        | -0.004046 | 10.17     | 1.558     | 13.78     | 156.1     |
111.16037404703935
kupiec 检验：不拒绝原假设, 违约次数: 17
Loss: -0.0017341040462427737 (n_estimators: 157, min_samples_split: 15, min_samples_leaf: 5, max_depth: 8)
| 54        | -0.001734 | 8.21      | 5.048     | 15.1      | 157.6     |
124.34372151105667
kupiec 检验：不拒绝原假设, 违约次数: 20
Loss: -0.015606936416184963 (n_estimators: 110, min_samples_split: 8, min_samples_leaf: 3, max_depth: 7)
| 55        | -0.01561  | 7.619     | 3.62      | 8.104     | 110.5     |
97.97702658302204
kupiec 检验：不拒绝原假设, 违约次数: 14
Loss: -0.019075144508670525 (n_estimators: 160, min_samples_split: 17, min_samples_leaf: 5, max_depth: 11)
| 56        | -0.01908  | 11.11     | 5.127     | 17.84     | 160.7     |
119.94927235638423
kupiec 检验：不拒绝原假设, 违约次数: 19
Loss: -0.009826589595375718 (n_estimators: 102, min_samples_split: 7, min_samples_leaf: 3, max_depth: 6)
| 57        | -0.009827 | 6.248     | 3.051     | 7.999     | 102.5     |
111.16037404703935
kupiec 检验：不拒绝原假设, 违约次数: 17
Loss: -0.0017341040462427737 (n_estimators: 156, min_samples_split: 17, min_samples_leaf: 3, max_depth: 8)
| 58        | -0.001734 | 8.415     | 3.044     | 17.49     | 156.4     |
111.16037404703935
kupiec 检验：不拒绝原假设, 违约次数: 17
Loss: -0.0017341040462427737 (n_estimators: 156, min_samples_split: 15, min_samples_leaf: 4, max_depth: 11)
| 59        | -0.001734 | 11.75     | 4.425     | 15.38     | 156.7     |
106.76592489236691
kupiec 检验：不拒绝原假设, 违约次数: 16
Loss: -0.007514450867052033 (n_estimators: 157, min_samples_split: 16, min_samples_leaf: 1, max_depth: 13)
| 60        | -0.007514 | 13.14     | 1.175     | 16.37     | 157.2     |
124.34372151105667
kupiec 检验：不拒绝原假设, 违约次数: 20
Loss: -0.015606936416184963 (n_estimators: 99, min_samples_split: 4, min_samples_leaf: 3, max_depth: 6)
| 61        | -0.01561  | 6.189     | 3.613     | 4.197     | 99.5      |
97.97702658302204
kupiec 检验：不拒绝原假设, 违约次数: 14
Loss: -0.019075144508670525 (n_estimators: 158, min_samples_split: 13, min_samples_leaf: 3, max_depth: 12)
| 62        | -0.01908  | 12.72     | 3.967     | 13.37     | 158.8     |
111.16037404703935
kupiec 检验：不拒绝原假设, 违约次数: 17
Loss: -0.0017341040462427737 (n_estimators: 156, min_samples_split: 15, min_samples_leaf: 2, max_depth: 9)
| 63        | -0.001734 | 9.255     | 2.759     | 15.71     | 156.8     |
119.94927235638423
kupiec 检验：不拒绝原假设, 违约次数: 19
Loss: -0.009826589595375718 (n_estimators: 154, min_samples_split: 15, min_samples_leaf: 4, max_depth: 9)
| 64        | -0.009827 | 9.949     | 4.088     | 15.07     | 154.9     |
124.34372151105667
kupiec 检验：不拒绝原假设, 违约次数: 20
Loss: -0.015606936416184963 (n_estimators: 157, min_samples_split: 15, min_samples_leaf: 1, max_depth: 7)
| 65        | -0.01561  | 7.641     | 1.191     | 15.3      | 157.6     |
111.16037404703935
kupiec 检验：不拒绝原假设, 违约次数: 17
Loss: -0.0017341040462427737 (n_estimators: 156, min_samples_split: 16, min_samples_leaf: 3, max_depth: 13)
| 66        | -0.001734 | 13.03     | 3.678     | 16.75     | 156.2     |
119.94927235638423
kupiec 检验：不拒绝原假设, 违约次数: 19
Loss: -0.009826589595375718 (n_estimators: 155, min_samples_split: 16, min_samples_leaf: 4, max_depth: 9)
| 67        | -0.009827 | 9.473     | 4.125     | 16.92     | 156.0     |
106.76592489236691
kupiec 检验：不拒绝原假设, 违约次数: 16
Loss: -0.007514450867052033 (n_estimators: 158, min_samples_split: 16, min_samples_leaf: 4, max_depth: 14)
| 68        | -0.007514 | 14.74     | 4.507     | 16.3      | 158.2     |
97.97702658302204
kupiec 检验：不拒绝原假设, 违约次数: 14
Loss: -0.019075144508670525 (n_estimators: 158, min_samples_split: 16, min_samples_leaf: 3, max_depth: 11)
| 69        | -0.01908  | 11.05     | 3.663     | 16.23     | 158.5     |
115.55482320171178
kupiec 检验：不拒绝原假设, 违约次数: 18
Loss: -0.004046242774566472 (n_estimators: 156, min_samples_split: 16, min_samples_leaf: 3, max_depth: 12)
| 70        | -0.004046 | 12.43     | 3.717     | 16.89     | 156.9     |
124.34372151105667
kupiec 检验：不拒绝原假设, 违约次数: 20
Loss: -0.015606936416184963 (n_estimators: 155, min_samples_split: 16, min_samples_leaf: 2, max_depth: 8)
| 71        | -0.01561  | 8.34      | 2.647     | 16.42     | 155.1     |
93.5825774283496
kupiec 检验：不拒绝原假设, 违约次数: 13
Loss: -0.02485549132947977 (n_estimators: 156, min_samples_split: 16, min_samples_leaf: 2, max_depth: 12)
| 72        | -0.02486  | 12.02     | 2.646     | 16.85     | 156.2     |
115.55482320171178
kupiec 检验：不拒绝原假设, 违约次数: 18
Loss: -0.004046242774566472 (n_estimators: 177, min_samples_split: 9, min_samples_leaf: 3, max_depth: 10)
| 73        | -0.004046 | 10.29     | 3.456     | 9.505     | 177.7     |
106.76592489236691
kupiec 检验：不拒绝原假设, 违约次数: 16
Loss: -0.007514450867052033 (n_estimators: 142, min_samples_split: 3, min_samples_leaf: 8, max_depth: 18)
| 74        | -0.007514 | 18.71     | 8.494     | 3.003     | 142.7     |
124.34372151105667
kupiec 检验：不拒绝原假设, 违约次数: 20
Loss: -0.015606936416184963 (n_estimators: 105, min_samples_split: 9, min_samples_leaf: 12, max_depth: 9)
| 75        | -0.01561  | 9.463     | 12.88     | 9.397     | 105.9     |
111.16037404703935
kupiec 检验：不拒绝原假设, 违约次数: 17
Loss: -0.0017341040462427737 (n_estimators: 94, min_samples_split: 11, min_samples_leaf: 13, max_depth: 16)
| 76        | -0.001734 | 16.25     | 13.64     | 11.22     | 94.28     |
124.34372151105667
kupiec 检验：不拒绝原假设, 违约次数: 20
Loss: -0.015606936416184963 (n_estimators: 62, min_samples_split: 8, min_samples_leaf: 7, max_depth: 14)
| 77        | -0.01561  | 14.28     | 7.41      | 8.992     | 62.16     |
119.94927235638423
kupiec 检验：不拒绝原假设, 违约次数: 19
Loss: -0.009826589595375718 (n_estimators: 67, min_samples_split: 11, min_samples_leaf: 5, max_depth: 18)
| 78        | -0.009827 | 18.68     | 5.278     | 11.73     | 67.4      |
137.52706897507397
kupiec 检验：不拒绝原假设, 违约次数: 23
Loss: -0.0329479768786127 (n_estimators: 71, min_samples_split: 17, min_samples_leaf: 2, max_depth: 7)
| 79        | -0.03295  | 7.872     | 2.454     | 17.36     | 71.17     |
141.92151812974643
kupiec 检验：不拒绝原假设, 违约次数: 24
Loss: -0.038728323699421946 (n_estimators: 101, min_samples_split: 4, min_samples_leaf: 1, max_depth: 5)
| 80        | -0.03873  | 5.651     | 1.735     | 4.982     | 101.4     |
133.13261982040154
kupiec 检验：不拒绝原假设, 违约次数: 22
Loss: -0.027167630057803455 (n_estimators: 70, min_samples_split: 6, min_samples_leaf: 14, max_depth: 18)
| 81        | -0.02717  | 18.97     | 14.61     | 6.467     | 70.77     |
119.94927235638423
kupiec 检验：不拒绝原假设, 违约次数: 19
Loss: -0.009826589595375718 (n_estimators: 73, min_samples_split: 14, min_samples_leaf: 12, max_depth: 12)
| 82        | -0.009827 | 12.53     | 12.42     | 14.73     | 73.97     |
106.76592489236691
kupiec 检验：不拒绝原假设, 违约次数: 16
Loss: -0.007514450867052033 (n_estimators: 186, min_samples_split: 13, min_samples_leaf: 12, max_depth: 11)
| 83        | -0.007514 | 11.1      | 12.42     | 13.34     | 186.7     |
111.16037404703935
kupiec 检验：不拒绝原假设, 违约次数: 17
Loss: -0.0017341040462427737 (n_estimators: 198, min_samples_split: 13, min_samples_leaf: 9, max_depth: 15)
| 84        | -0.001734 | 15.24     | 9.018     | 13.86     | 198.7     |
119.94927235638423
kupiec 检验：不拒绝原假设, 违约次数: 19
Loss: -0.009826589595375718 (n_estimators: 68, min_samples_split: 11, min_samples_leaf: 7, max_depth: 5)
| 85        | -0.009827 | 5.703     | 7.698     | 11.12     | 68.17     |
106.76592489236691
kupiec 检验：不拒绝原假设, 违约次数: 16
Loss: -0.007514450867052033 (n_estimators: 168, min_samples_split: 19, min_samples_leaf: 8, max_depth: 19)
| 86        | -0.007514 | 19.6      | 8.544     | 19.72     | 168.8     |
155.10486559376375
kupiec 检验：不拒绝原假设, 违约次数: 27
Loss: -0.05606936416184971 (n_estimators: 62, min_samples_split: 16, min_samples_leaf: 3, max_depth: 12)
| 87        | -0.05607  | 12.5      | 3.797     | 16.46     | 62.2      |
