106.76592489236691
kupiec 检验：不拒绝原假设, 违约次数: 16
Loss: -0.007514450867052033 (n_estimators: 191, min_samples_split: 5, min_samples_leaf: 3, max_depth: 16)
| 88        | -0.007514 | 16.56     | 3.565     | 5.904     | 191.9     |
137.52706897507397
kupiec 检验：不拒绝原假设, 违约次数: 23
Loss: -0.0329479768786127 (n_estimators: 197, min_samples_split: 11, min_samples_leaf: 13, max_depth: 6)
| 89        | -0.03295  | 6.09      | 13.52     | 11.08     | 197.9     |
102.37147573769447
kupiec 检验：不拒绝原假设, 违约次数: 15
Loss: -0.013294797687861279 (n_estimators: 106, min_samples_split: 7, min_samples_leaf: 12, max_depth: 14)
| 90        | -0.01329  | 14.55     | 12.61     | 7.899     | 107.0     |
102.37147573769447
kupiec 检验：不拒绝原假设, 违约次数: 15
Loss: -0.013294797687861279 (n_estimators: 116, min_samples_split: 14, min_samples_leaf: 4, max_depth: 16)
| 91        | -0.01329  | 16.59     | 4.808     | 14.58     | 116.6     |
119.94927235638423
kupiec 检验：不拒绝原假设, 违约次数: 19
Loss: -0.009826589595375718 (n_estimators: 186, min_samples_split: 14, min_samples_leaf: 14, max_depth: 9)
| 92        | -0.009827 | 9.858     | 14.82     | 14.26     | 186.3     |
106.76592489236691
kupiec 检验：不拒绝原假设, 违约次数: 16
Loss: -0.007514450867052033 (n_estimators: 81, min_samples_split: 17, min_samples_leaf: 9, max_depth: 13)
| 93        | -0.007514 | 13.94     | 9.553     | 17.56     | 81.07     |
111.16037404703935
kupiec 检验：不拒绝原假设, 违约次数: 17
Loss: -0.0017341040462427737 (n_estimators: 198, min_samples_split: 17, min_samples_leaf: 5, max_depth: 12)
| 94        | -0.001734 | 12.18     | 5.498     | 17.07     | 198.4     |
102.37147573769447
kupiec 检验：不拒绝原假设, 违约次数: 15
Loss: -0.013294797687861279 (n_estimators: 157, min_samples_split: 16, min_samples_leaf: 6, max_depth: 16)
| 95        | -0.01329  | 16.59     | 6.371     | 16.1      | 157.1     |
111.16037404703935
kupiec 检验：不拒绝原假设, 违约次数: 17
Loss: -0.0017341040462427737 (n_estimators: 182, min_samples_split: 10, min_samples_leaf: 9, max_depth: 19)
| 96        | -0.001734 | 19.98     | 9.187     | 10.55     | 182.8     |
106.76592489236691
kupiec 检验：不拒绝原假设, 违约次数: 16
Loss: -0.007514450867052033 (n_estimators: 132, min_samples_split: 2, min_samples_leaf: 4, max_depth: 19)
| 97        | -0.007514 | 19.88     | 4.73      | 2.793     | 132.0     |
119.94927235638423
kupiec 检验：不拒绝原假设, 违约次数: 19
Loss: -0.009826589595375718 (n_estimators: 131, min_samples_split: 17, min_samples_leaf: 1, max_depth: 12)
| 98        | -0.009827 | 12.69     | 1.488     | 17.09     | 131.1     |
128.73817066572911
kupiec 检验：不拒绝原假设, 违约次数: 21
Loss: -0.02138728323699421 (n_estimators: 78, min_samples_split: 13, min_samples_leaf: 3, max_depth: 5)
| 99        | -0.02139  | 5.177     | 3.124     | 13.58     | 78.59     |
106.76592489236691
kupiec 检验：不拒绝原假设, 违约次数: 16
Loss: -0.007514450867052033 (n_estimators: 100, min_samples_split: 19, min_samples_leaf: 11, max_depth: 19)
| 100       | -0.007514 | 19.21     | 11.73     | 19.99     | 100.5     |
115.55482320171178
kupiec 检验：不拒绝原假设, 违约次数: 18
Loss: -0.004046242774566472 (n_estimators: 62, min_samples_split: 8, min_samples_leaf: 4, max_depth: 3)
| 101       | -0.004046 | 3.782     | 4.4       | 8.212     | 62.95     |
111.16037404703935
kupiec 检验：不拒绝原假设, 违约次数: 17
Loss: -0.0017341040462427737 (n_estimators: 161, min_samples_split: 16, min_samples_leaf: 4, max_depth: 6)
| 102       | -0.001734 | 6.427     | 4.088     | 16.66     | 161.4     |
115.55482320171178
kupiec 检验：不拒绝原假设, 违约次数: 18
Loss: -0.004046242774566472 (n_estimators: 146, min_samples_split: 16, min_samples_leaf: 12, max_depth: 11)
| 103       | -0.004046 | 11.96     | 12.31     | 16.22     | 146.5     |
106.76592489236691
kupiec 检验：不拒绝原假设, 违约次数: 16
Loss: -0.007514450867052033 (n_estimators: 119, min_samples_split: 11, min_samples_leaf: 11, max_depth: 18)
| 104       | -0.007514 | 18.53     | 11.06     | 11.58     | 119.3     |
115.55482320171178
kupiec 检验：不拒绝原假设, 违约次数: 18
Loss: -0.004046242774566472 (n_estimators: 91, min_samples_split: 18, min_samples_leaf: 14, max_depth: 4)
| 105       | -0.004046 | 4.176     | 14.66     | 18.87     | 91.67     |
102.37147573769447
kupiec 检验：不拒绝原假设, 违约次数: 15
Loss: -0.013294797687861279 (n_estimators: 184, min_samples_split: 14, min_samples_leaf: 5, max_depth: 17)
| 106       | -0.01329  | 17.63     | 5.368     | 14.2      | 184.0     |
102.37147573769447
kupiec 检验：不拒绝原假设, 违约次数: 15
Loss: -0.013294797687861279 (n_estimators: 97, min_samples_split: 9, min_samples_leaf: 12, max_depth: 6)
| 107       | -0.01329  | 6.44      | 12.22     | 9.844     | 97.35     |
97.97702658302204
kupiec 检验：不拒绝原假设, 违约次数: 14
Loss: -0.019075144508670525 (n_estimators: 112, min_samples_split: 13, min_samples_leaf: 10, max_depth: 13)
| 108       | -0.01908  | 13.27     | 10.66     | 13.74     | 112.3     |
133.13261982040154
kupiec 检验：不拒绝原假设, 违约次数: 22
Loss: -0.027167630057803455 (n_estimators: 185, min_samples_split: 12, min_samples_leaf: 2, max_depth: 6)
| 109       | -0.02717  | 6.194     | 2.368     | 12.4      | 185.2     |
159.49931474843618
kupiec 检验：不拒绝原假设, 违约次数: 28
Loss: -0.061849710982658956 (n_estimators: 67, min_samples_split: 12, min_samples_leaf: 6, max_depth: 7)
| 110       | -0.06185  | 7.686     | 6.501     | 12.23     | 67.95     |
102.37147573769447
kupiec 检验：不拒绝原假设, 违约次数: 15
Loss: -0.013294797687861279 (n_estimators: 141, min_samples_split: 5, min_samples_leaf: 6, max_depth: 8)
| 111       | -0.01329  | 8.703     | 6.31      | 5.669     | 141.3     |
115.55482320171178
kupiec 检验：不拒绝原假设, 违约次数: 18
Loss: -0.004046242774566472 (n_estimators: 152, min_samples_split: 7, min_samples_leaf: 10, max_depth: 15)
| 112       | -0.004046 | 15.97     | 10.22     | 7.382     | 152.9     |
102.37147573769447
kupiec 检验：不拒绝原假设, 违约次数: 15
Loss: -0.013294797687861279 (n_estimators: 138, min_samples_split: 2, min_samples_leaf: 2, max_depth: 15)
| 113       | -0.01329  | 15.67     | 2.652     | 2.194     | 138.5     |
115.55482320171178
kupiec 检验：不拒绝原假设, 违约次数: 18
Loss: -0.004046242774566472 (n_estimators: 172, min_samples_split: 10, min_samples_leaf: 9, max_depth: 19)
| 114       | -0.004046 | 19.24     | 9.867     | 10.25     | 172.3     |
106.76592489236691
kupiec 检验：不拒绝原假设, 违约次数: 16
Loss: -0.007514450867052033 (n_estimators: 162, min_samples_split: 9, min_samples_leaf: 13, max_depth: 9)
| 115       | -0.007514 | 9.419     | 13.58     | 9.07      | 162.4     |
128.73817066572911
kupiec 检验：不拒绝原假设, 违约次数: 21
Loss: -0.02138728323699421 (n_estimators: 130, min_samples_split: 19, min_samples_leaf: 14, max_depth: 7)
| 116       | -0.02139  | 7.053     | 14.34     | 19.46     | 130.8     |
119.94927235638423
kupiec 检验：不拒绝原假设, 违约次数: 19
Loss: -0.009826589595375718 (n_estimators: 77, min_samples_split: 10, min_samples_leaf: 9, max_depth: 12)
| 117       | -0.009827 | 12.22     | 9.778     | 10.96     | 77.4      |
115.55482320171178
kupiec 检验：不拒绝原假设, 违约次数: 18
Loss: -0.004046242774566472 (n_estimators: 93, min_samples_split: 18, min_samples_leaf: 7, max_depth: 4)
| 118       | -0.004046 | 4.872     | 7.82      | 18.33     | 93.35     |
102.37147573769447
kupiec 检验：不拒绝原假设, 违约次数: 15
Loss: -0.013294797687861279 (n_estimators: 84, min_samples_split: 13, min_samples_leaf: 13, max_depth: 15)
| 119       | -0.01329  | 15.26     | 13.84     | 13.55     | 84.02     |
106.76592489236691
kupiec 检验：不拒绝原假设, 违约次数: 16
Loss: -0.007514450867052033 (n_estimators: 79, min_samples_split: 10, min_samples_leaf: 7, max_depth: 14)
| 120       | -0.007514 | 14.99     | 7.848     | 10.87     | 79.68     |
102.37147573769447
kupiec 检验：不拒绝原假设, 违约次数: 15
Loss: -0.013294797687861279 (n_estimators: 112, min_samples_split: 17, min_samples_leaf: 11, max_depth: 10)
| 121       | -0.01329  | 10.18     | 11.08     | 17.12     | 112.4     |
106.76592489236691
kupiec 检验：不拒绝原假设, 违约次数: 16
Loss: -0.007514450867052033 (n_estimators: 149, min_samples_split: 4, min_samples_leaf: 11, max_depth: 18)
| 122       | -0.007514 | 18.73     | 11.09     | 4.971     | 149.4     |
111.16037404703935
kupiec 检验：不拒绝原假设, 违约次数: 17
Loss: -0.0017341040462427737 (n_estimators: 150, min_samples_split: 5, min_samples_leaf: 8, max_depth: 11)
| 123       | -0.001734 | 11.4      | 8.137     | 5.434     | 150.2     |
111.16037404703935
kupiec 检验：不拒绝原假设, 违约次数: 17
Loss: -0.0017341040462427737 (n_estimators: 68, min_samples_split: 2, min_samples_leaf: 13, max_depth: 6)
| 124       | -0.001734 | 6.31      | 13.25     | 2.095     | 68.0      |
115.55482320171178
kupiec 检验：不拒绝原假设, 违约次数: 18
Loss: -0.004046242774566472 (n_estimators: 173, min_samples_split: 13, min_samples_leaf: 4, max_depth: 11)
| 125       | -0.004046 | 11.46     | 4.549     | 13.21     | 173.9     |
141.92151812974643
kupiec 检验：不拒绝原假设, 违约次数: 24
Loss: -0.038728323699421946 (n_estimators: 69, min_samples_split: 10, min_samples_leaf: 5, max_depth: 7)
| 126       | -0.03873  | 7.06      | 5.286     | 10.63     | 69.3      |
111.16037404703935
kupiec 检验：不拒绝原假设, 违约次数: 17
Loss: -0.0017341040462427737 (n_estimators: 187, min_samples_split: 8, min_samples_leaf: 2, max_depth: 9)
| 127       | -0.001734 | 9.035     | 2.485     | 8.429     | 187.8     |
119.94927235638423
kupiec 检验：不拒绝原假设, 违约次数: 19
Loss: -0.009826589595375718 (n_estimators: 178, min_samples_split: 16, min_samples_leaf: 3, max_depth: 7)
| 128       | -0.009827 | 7.182     | 3.838     | 16.37     | 178.5     |
141.92151812974643
kupiec 检验：不拒绝原假设, 违约次数: 24
Loss: -0.038728323699421946 (n_estimators: 58, min_samples_split: 9, min_samples_leaf: 7, max_depth: 5)
| 129       | -0.03873  | 5.681     | 7.441     | 9.987     | 58.37     |
111.16037404703935
kupiec 检验：不拒绝原假设, 违约次数: 17
Loss: -0.0017341040462427737 (n_estimators: 115, min_samples_split: 7, min_samples_leaf: 12, max_depth: 13)
| 130       | -0.001734 | 13.94     | 12.19     | 7.202     | 115.1     |
=========================================================================
最优参数： {'target': np.float64(-0.0017341040462427737), 'params': {'max_depth': np.float64(5.494850143890922), 'min_samples_leaf': np.float64(2.292740326763169), 'min_samples_split': np.float64(5.352683804798076), 'n_estimators': np.float64(101.83410905645715)}}
第 1 次预测完成!
第 2 次预测完成!
第 3 次预测完成!
第 4 次预测完成!
第 5 次预测完成!
第 6 次预测完成!
第 7 次预测完成!
第 8 次预测完成!
第 9 次预测完成!
第 10 次预测完成!
第 11 次预测完成!
第 12 次预测完成!
第 13 次预测完成!
第 14 次预测完成!
第 15 次预测完成!
第 16 次预测完成!
第 17 次预测完成!
第 18 次预测完成!
第 19 次预测完成!
第 20 次预测完成!
第 21 次预测完成!
第 22 次预测完成!
第 23 次预测完成!
第 24 次预测完成!
第 25 次预测完成!
第 26 次预测完成!
第 27 次预测完成!
第 28 次预测完成!
第 29 次预测完成!
第 30 次预测完成!
第 31 次预测完成!
第 32 次预测完成!
第 33 次预测完成!
第 34 次预测完成!
第 35 次预测完成!
第 36 次预测完成!
第 37 次预测完成!
第 38 次预测完成!
第 39 次预测完成!
第 40 次预测完成!
第 41 次预测完成!
第 42 次预测完成!
第 43 次预测完成!
第 44 次预测完成!
第 45 次预测完成!
第 46 次预测完成!
第 47 次预测完成!
第 48 次预测完成!
第 49 次预测完成!
第 50 次预测完成!
第 51 次预测完成!
第 52 次预测完成!
第 53 次预测完成!
第 54 次预测完成!
第 55 次预测完成!
第 56 次预测完成!
第 57 次预测完成!
第 58 次预测完成!
第 59 次预测完成!
第 60 次预测完成!
第 61 次预测完成!
第 62 次预测完成!
第 63 次预测完成!
第 64 次预测完成!
第 65 次预测完成!
第 66 次预测完成!
第 67 次预测完成!
第 68 次预测完成!
第 69 次预测完成!
第 70 次预测完成!
第 71 次预测完成!
第 72 次预测完成!
第 73 次预测完成!
第 74 次预测完成!
第 75 次预测完成!
第 76 次预测完成!
第 77 次预测完成!
第 78 次预测完成!
第 79 次预测完成!
第 80 次预测完成!
第 81 次预测完成!
第 82 次预测完成!
第 83 次预测完成!
第 84 次预测完成!
第 85 次预测完成!
第 86 次预测完成!
第 87 次预测完成!
第 88 次预测完成!
第 89 次预测完成!
第 90 次预测完成!
第 91 次预测完成!
第 92 次预测完成!
第 93 次预测完成!
第 94 次预测完成!
第 95 次预测完成!
第 96 次预测完成!
第 97 次预测完成!
第 98 次预测完成!
第 99 次预测完成!
第 100 次预测完成!
第 101 次预测完成!
第 102 次预测完成!
第 103 次预测完成!
第 104 次预测完成!
第 105 次预测完成!
第 106 次预测完成!
第 107 次预测完成!
第 108 次预测完成!
第 109 次预测完成!
第 110 次预测完成!
第 111 次预测完成!
第 112 次预测完成!
第 113 次预测完成!
第 114 次预测完成!
第 115 次预测完成!
第 116 次预测完成!
第 117 次预测完成!
第 118 次预测完成!
第 119 次预测完成!
第 120 次预测完成!
第 121 次预测完成!
第 122 次预测完成!
第 123 次预测完成!
第 124 次预测完成!
第 125 次预测完成!
第 126 次预测完成!
第 127 次预测完成!
第 128 次预测完成!
第 129 次预测完成!
第 130 次预测完成!
第 131 次预测完成!
第 132 次预测完成!
第 133 次预测完成!
第 134 次预测完成!
第 135 次预测完成!
第 136 次预测完成!
第 137 次预测完成!
第 138 次预测完成!
第 139 次预测完成!
第 140 次预测完成!
第 141 次预测完成!
第 142 次预测完成!
第 143 次预测完成!
第 144 次预测完成!
第 145 次预测完成!
第 146 次预测完成!
第 147 次预测完成!
第 148 次预测完成!
第 149 次预测完成!
第 150 次预测完成!
第 151 次预测完成!
第 152 次预测完成!
第 153 次预测完成!
第 154 次预测完成!
第 155 次预测完成!
第 156 次预测完成!
第 157 次预测完成!
第 158 次预测完成!
第 159 次预测完成!
第 160 次预测完成!
第 161 次预测完成!
第 162 次预测完成!
第 163 次预测完成!
第 164 次预测完成!
第 165 次预测完成!
第 166 次预测完成!
第 167 次预测完成!
第 168 次预测完成!
第 169 次预测完成!
第 170 次预测完成!
第 171 次预测完成!
第 172 次预测完成!
第 173 次预测完成!
第 174 次预测完成!
第 175 次预测完成!
第 176 次预测完成!
第 177 次预测完成!
第 178 次预测完成!
第 179 次预测完成!
第 180 次预测完成!
第 181 次预测完成!
第 182 次预测完成!
第 183 次预测完成!
第 184 次预测完成!
第 185 次预测完成!
第 186 次预测完成!
第 187 次预测完成!
第 188 次预测完成!
第 189 次预测完成!
第 190 次预测完成!
第 191 次预测完成!
第 192 次预测完成!
第 193 次预测完成!
第 194 次预测完成!
第 195 次预测完成!
第 196 次预测完成!
第 197 次预测完成!
第 198 次预测完成!
第 199 次预测完成!
第 200 次预测完成!
第 201 次预测完成!
第 202 次预测完成!
第 203 次预测完成!
第 204 次预测完成!
第 205 次预测完成!
第 206 次预测完成!
第 207 次预测完成!
第 208 次预测完成!
第 209 次预测完成!
第 210 次预测完成!
第 211 次预测完成!
第 212 次预测完成!
第 213 次预测完成!
第 214 次预测完成!
第 215 次预测完成!
第 216 次预测完成!
第 217 次预测完成!
第 218 次预测完成!
第 219 次预测完成!
第 220 次预测完成!
第 221 次预测完成!
第 222 次预测完成!
第 223 次预测完成!
第 224 次预测完成!
第 225 次预测完成!
第 226 次预测完成!
第 227 次预测完成!
第 228 次预测完成!
第 229 次预测完成!
第 230 次预测完成!
第 231 次预测完成!
第 232 次预测完成!
第 233 次预测完成!
第 234 次预测完成!
第 235 次预测完成!
第 236 次预测完成!
第 237 次预测完成!
第 238 次预测完成!
第 239 次预测完成!
第 240 次预测完成!
第 241 次预测完成!
第 242 次预测完成!
第 243 次预测完成!
第 244 次预测完成!
第 245 次预测完成!
第 246 次预测完成!
第 247 次预测完成!
第 248 次预测完成!
第 249 次预测完成!
第 250 次预测完成!
第 251 次预测完成!
第 252 次预测完成!
第 253 次预测完成!
第 254 次预测完成!
第 255 次预测完成!
第 256 次预测完成!
第 257 次预测完成!
第 258 次预测完成!
第 259 次预测完成!
第 260 次预测完成!
第 261 次预测完成!
第 262 次预测完成!
第 263 次预测完成!
第 264 次预测完成!
第 265 次预测完成!
第 266 次预测完成!
第 267 次预测完成!
第 268 次预测完成!
第 269 次预测完成!
第 270 次预测完成!
第 271 次预测完成!
第 272 次预测完成!
第 273 次预测完成!
第 274 次预测完成!
第 275 次预测完成!
第 276 次预测完成!
第 277 次预测完成!
第 278 次预测完成!
第 279 次预测完成!
第 280 次预测完成!
第 281 次预测完成!
第 282 次预测完成!
第 283 次预测完成!
第 284 次预测完成!
第 285 次预测完成!
第 286 次预测完成!
第 287 次预测完成!
第 288 次预测完成!
第 289 次预测完成!
第 290 次预测完成!
第 291 次预测完成!
第 292 次预测完成!
第 293 次预测完成!
第 294 次预测完成!
第 295 次预测完成!
第 296 次预测完成!
第 297 次预测完成!
第 298 次预测完成!
第 299 次预测完成!
第 300 次预测完成!
第 301 次预测完成!
第 302 次预测完成!
第 303 次预测完成!
第 304 次预测完成!
第 305 次预测完成!
第 306 次预测完成!
第 307 次预测完成!
第 308 次预测完成!
第 309 次预测完成!
第 310 次预测完成!
第 311 次预测完成!
第 312 次预测完成!
第 313 次预测完成!
第 314 次预测完成!
第 315 次预测完成!
第 316 次预测完成!
第 317 次预测完成!
第 318 次预测完成!
第 319 次预测完成!
第 320 次预测完成!
第 321 次预测完成!
第 322 次预测完成!
第 323 次预测完成!
第 324 次预测完成!
第 325 次预测完成!
第 326 次预测完成!
第 327 次预测完成!
第 328 次预测完成!
第 329 次预测完成!
第 330 次预测完成!
第 331 次预测完成!
第 332 次预测完成!
第 333 次预测完成!
第 334 次预测完成!
第 335 次预测完成!
第 336 次预测完成!
第 337 次预测完成!
第 338 次预测完成!
第 339 次预测完成!
第 340 次预测完成!
第 341 次预测完成!
第 342 次预测完成!
第 343 次预测完成!
第 344 次预测完成!
第 345 次预测完成!
第 346 次预测完成!
滚动预测训练完成!
最终损失: 0.004046242774566472
231.10964640342357
kupiec 检验：不拒绝原假设, 违约次数: 36
Kupiec 检验结果: True