| 91        | -0.05954  | 46.75     | 0.3187    | 29.76     | 0.04455   | 9.077     | 9.053     | 17.98     | 102.1     | 605.5     | 1.063     | 0.5194    | 2.684e-05 |
kupiec result: Reject the null hypothesis. Default count: 0
| 92        | -0.1      | 28.82     | 0.1357    | 101.0     | 0.07891   | 11.14     | 7.022     | 2.799     | 178.4     | 769.6     | 1.93      | 0.2827    | 1.727e-05 |
kupiec result: Reject the null hypothesis. Default count: 14
| 93        | -0.01908  | 10.5      | 0.4462    | 42.61     | 0.09971   | 18.46     | 11.7      | 10.54     | 74.39     | 548.8     | 1.859     | 0.2982    | 5.343e-06 |
kupiec result: Reject the null hypothesis. Default count: 15
| 94        | -0.01329  | 146.7     | 0.08434   | 88.45     | 0.008975  | 15.58     | 2.975     | 7.62      | 137.3     | 1.026e+03 | 2.59      | 0.2163    | 2.182e-05 |
kupiec result: Reject the null hypothesis. Default count: 26
| 95        | -0.05029  | 18.18     | 0.4034    | 56.92     | 0.02318   | 22.29     | 4.034     | 16.88     | 139.2     | 1.147e+03 | 3.697     | 0.2867    | 4.67e-05  |
kupiec result: Reject the null hypothesis. Default count: 3
| 96        | -0.08266  | 5.633     | 0.1851    | 107.6     | 0.01445   | 17.23     | 12.17     | 3.451     | 186.7     | 1.029e+03 | 1.712     | 0.7338    | 2.732e-05 |
kupiec result: Reject the null hypothesis. Default count: 23
| 97        | -0.03295  | 84.13     | 0.2405    | 24.86     | 0.09268   | 13.48     | 4.472     | 14.58     | 97.35     | 1.772e+03 | 1.405     | 0.3388    | 2.559e-05 |
kupiec result: Reject the null hypothesis. Default count: 12
| 98        | -0.03064  | 82.65     | 0.2918    | 57.77     | 0.06392   | 23.93     | 6.494     | 12.08     | 129.5     | 1.981e+03 | 2.407     | 0.9183    | 9.292e-05 |
kupiec result: Reject the null hypothesis. Default count: 12
| 99        | -0.03064  | 137.3     | 0.2807    | 54.73     | 0.03948   | 17.76     | 8.902     | 12.02     | 186.0     | 542.7     | 1.533     | 0.1188    | 4.896e-05 |
kupiec result: Reject the null hypothesis. Default count: 7
| 100       | -0.05954  | 65.27     | 0.1661    | 52.74     | 0.07472   | 29.73     | 10.18     | 2.83      | 183.6     | 627.3     | 3.951     | 0.08771   | 7.702e-05 |
kupiec result: Reject the null hypothesis. Default count: 12
| 101       | -0.03064  | 186.0     | 0.3973    | 85.17     | 0.04265   | 14.34     | 10.04     | 4.762     | 76.17     | 1.36e+03  | 2.237     | 0.1078    | 2.475e-05 |
kupiec result: Reject the null hypothesis. Default count: 16
| 102       | -0.007514 | 49.6      | 0.4971    | 34.62     | 0.05464   | 16.2      | 4.676     | 4.278     | 192.5     | 994.6     | 3.494     | 0.4989    | 9.114e-06 |
kupiec result: Reject the null hypothesis. Default count: 19
| 103       | -0.009827 | 177.8     | 0.03219   | 73.51     | 0.008183  | 25.6      | 11.54     | 19.72     | 190.9     | 1.074e+03 | 3.69      | 0.712     | 5.525e-05 |
kupiec result: Reject the null hypothesis. Default count: 11
| 104       | -0.03642  | 133.7     | 0.3772    | 38.92     | 0.005985  | 10.52     | 13.36     | 10.2      | 122.9     | 1.127e+03 | 3.573     | 0.6325    | 7.266e-05 |
kupiec result: Reject the null hypothesis. Default count: 18
| 105       | -0.004046 | 225.9     | 0.3234    | 67.18     | 0.003897  | 18.25     | 11.83     | 10.54     | 121.3     | 1.381e+03 | 1.624     | 0.6464    | 5.626e-05 |
kupiec result: Reject the null hypothesis. Default count: 20
| 106       | -0.01561  | 246.8     | 0.2428    | 14.79     | 0.04492   | 14.84     | 14.44     | 10.33     | 76.47     | 1.683e+03 | 3.796     | 0.9201    | 8.229e-05 |
kupiec result: Reject the null hypothesis. Default count: 14
| 107       | -0.01908  | 180.9     | 0.1899    | 106.2     | 0.02197   | 12.11     | 6.463     | 15.25     | 154.0     | 1.112e+03 | 3.478     | 0.004496  | 3.861e-05 |
kupiec result: Reject the null hypothesis. Default count: 17
| 108       | -0.001734 | 143.0     | 0.3602    | 108.8     | 0.09595   | 5.515     | 3.642     | 3.141     | 93.62     | 890.6     | 2.878     | 0.2388    | 5.518e-05 |
kupiec result: Reject the null hypothesis. Default count: 17
| 109       | -0.001734 | 98.13     | 0.3619    | 24.71     | 0.001136  | 8.753     | 3.468     | 19.25     | 173.9     | 1.721e+03 | 1.435     | 0.4091    | 8.02e-05  |
kupiec result: Reject the null hypothesis. Default count: 12
| 110       | -0.03064  | 250.6     | 0.06412   | 67.55     | 0.003125  | 14.77     | 13.59     | 17.08     | 165.2     | 758.5     | 2.485     | 0.3488    | 4.725e-06 |
kupiec result: Reject the null hypothesis. Default count: 11
| 111       | -0.03642  | 96.89     | 0.0722    | 70.01     | 0.02472   | 9.885     | 2.236     | 15.18     | 157.3     | 1.814e+03 | 1.774     | 0.1913    | 9.565e-05 |
kupiec result: Reject the null hypothesis. Default count: 24
| 112       | -0.03873  | 213.0     | 0.0004391 | 4.267     | 0.03304   | 8.069     | 13.14     | 5.259     | 144.7     | 957.1     | 3.586     | 0.5818    | 2.778e-05 |
kupiec result: Reject the null hypothesis. Default count: 10
| 113       | -0.0422   | 51.48     | 0.4934    | 5.661     | 0.08022   | 22.11     | 5.498     | 19.18     | 86.36     | 1.607e+03 | 2.451     | 0.3698    | 6.898e-05 |
kupiec result: Reject the null hypothesis. Default count: 15
| 114       | -0.01329  | 228.9     | 0.2721    | 61.52     | 0.08804   | 23.51     | 2.495     | 3.179     | 174.2     | 796.2     | 1.496     | 0.8811    | 3.569e-05 |
kupiec result: Reject the null hypothesis. Default count: 15
| 115       | -0.01329  | 92.72     | 0.4224    | 55.72     | 0.07064   | 8.815     | 10.78     | 18.49     | 189.0     | 1.865e+03 | 2.245     | 0.3605    | 4.055e-05 |
kupiec result: Reject the null hypothesis. Default count: 41
| 116       | -0.137    | 21.28     | 0.4002    | 89.44     | 0.02338   | 22.9      | 2.412     | 13.08     | 90.57     | 1.196e+03 | 1.62      | 0.902     | 1.599e-05 |
kupiec result: Reject the null hypothesis. Default count: 17
| 117       | -0.001734 | 248.9     | 0.128     | 29.65     | 0.09313   | 29.05     | 5.623     | 12.8      | 159.6     | 1.829e+03 | 3.978     | 0.3956    | 4.897e-05 |
kupiec result: Reject the null hypothesis. Default count: 14
| 118       | -0.01908  | 210.8     | 0.4408    | 20.23     | 0.08789   | 13.84     | 11.25     | 3.208     | 102.8     | 1.139e+03 | 1.098     | 0.9566    | 3.251e-05 |
kupiec result: Reject the null hypothesis. Default count: 21
| 119       | -0.02139  | 196.2     | 0.4679    | 58.0      | 0.09548   | 28.89     | 1.526     | 4.215     | 159.1     | 1.632e+03 | 1.594     | 0.77      | 8.135e-05 |
kupiec result: Reject the null hypothesis. Default count: 14
| 120       | -0.01908  | 212.5     | 0.4451    | 39.67     | 0.04572   | 7.996     | 9.602     | 12.94     | 58.76     | 689.6     | 1.763     | 0.8361    | 3.729e-05 |
kupiec result: Reject the null hypothesis. Default count: 15
| 121       | -0.01329  | 234.8     | 0.46      | 44.64     | 0.05118   | 5.189     | 8.064     | 4.252     | 67.31     | 1.52e+03  | 1.965     | 0.4033    | 6.489e-05 |
kupiec result: Reject the null hypothesis. Default count: 22
| 122       | -0.02717  | 218.4     | 0.2923    | 40.77     | 0.01024   | 12.95     | 3.966     | 3.266     | 173.1     | 1.712e+03 | 3.019     | 0.3175    | 6.829e-05 |
kupiec result: Reject the null hypothesis. Default count: 1
| 123       | -0.09422  | 8.628     | 0.04866   | 83.52     | 0.06623   | 22.69     | 4.418     | 8.033     | 184.4     | 1.756e+03 | 2.725     | 0.02369   | 9.331e-05 |
kupiec result: Reject the null hypothesis. Default count: 0
| 124       | -0.1      | 175.5     | 0.4513    | 62.48     | 0.08501   | 9.12      | 12.84     | 9.745     | 160.0     | 1.041e+03 | 1.647     | 0.1288    | 7.712e-05 |
kupiec result: Reject the null hypothesis. Default count: 12
| 125       | -0.03064  | 193.6     | 0.1205    | 20.25     | 0.07078   | 13.38     | 10.6      | 18.82     | 61.63     | 502.4     | 2.141     | 0.8649    | 2.798e-05 |
kupiec result: Reject the null hypothesis. Default count: 21
| 126       | -0.02139  | 72.82     | 0.2503    | 121.0     | 0.07393   | 5.768     | 3.973     | 5.015     | 81.27     | 816.2     | 3.009     | 0.692     | 7.274e-05 |
kupiec result: Reject the null hypothesis. Default count: 15
| 127       | -0.01329  | 165.0     | 0.1146    | 8.266     | 0.06405   | 28.14     | 11.87     | 4.984     | 108.4     | 1.759e+03 | 2.968     | 0.1976    | 6.694e-05 |
kupiec result: Reject the null hypothesis. Default count: 11
| 128       | -0.03642  | 253.5     | 0.08213   | 24.0      | 0.04994   | 21.7      | 10.18     | 16.44     | 123.9     | 1.286e+03 | 2.979     | 0.3726    | 8.063e-06 |
kupiec result: Reject the null hypothesis. Default count: 7
| 129       | -0.05954  | 61.79     | 0.3989    | 110.7     | 0.05774   | 18.12     | 10.14     | 15.28     | 106.7     | 1.439e+03 | 2.566     | 0.4833    | 4.547e-05 |
kupiec result: Reject the null hypothesis. Default count: 12
| 130       | -0.03064  | 145.0     | 0.1579    | 93.92     | 0.01675   | 10.76     | 10.59     | 19.51     | 159.2     | 1.358e+03 | 3.335     | 0.6771    | 6.781e-06 |
kupiec result: Reject the null hypothesis. Default count: 12
| 131       | -0.03064  | 228.2     | 0.4058    | 18.11     | 0.02385   | 22.71     | 5.236     | 18.59     | 119.8     | 908.7     | 1.459     | 0.7142    | 8.894e-05 |
kupiec result: Reject the null hypothesis. Default count: 22
| 132       | -0.02717  | 117.9     | 0.2213    | 73.78     | 0.007229  | 22.03     | 9.958     | 16.88     | 143.9     | 1.337e+03 | 3.147     | 0.714     | 7.165e-05 |
kupiec result: Reject the null hypothesis. Default count: 21
| 133       | -0.02139  | 207.0     | 0.02005   | 55.19     | 0.01337   | 8.191     | 10.31     | 13.27     | 78.71     | 1.995e+03 | 1.545     | 0.678     | 2.523e-05 |
kupiec result: Reject the null hypothesis. Default count: 63
| 134       | -0.2642   | 203.2     | 0.1421    | 111.0     | 0.04601   | 13.81     | 3.523     | 4.492     | 126.4     | 1.503e+03 | 2.314     | 0.01605   | 3.244e-05 |
kupiec result: Reject the null hypothesis. Default count: 18
| 135       | -0.004046 | 103.7     | 0.228     | 87.97     | 0.02029   | 24.29     | 10.24     | 11.85     | 50.79     | 1.821e+03 | 1.466     | 0.489     | 2.129e-05 |
kupiec result: Reject the null hypothesis. Default count: 15
| 136       | -0.01329  | 104.0     | 0.4346    | 92.9      | 0.02352   | 11.56     | 8.862     | 7.565     | 154.0     | 1.222e+03 | 1.584     | 0.08554   | 8.532e-05 |
kupiec result: Reject the null hypothesis. Default count: 23
| 137       | -0.03295  | 164.2     | 0.4088    | 18.77     | 0.01829   | 27.43     | 2.353     | 14.18     | 88.26     | 1.781e+03 | 3.619     | 0.881     | 3.048e-05 |
kupiec result: Reject the null hypothesis. Default count: 23
| 138       | -0.03295  | 142.7     | 0.3963    | 20.56     | 0.07991   | 20.94     | 4.225     | 10.52     | 76.25     | 557.8     | 1.388     | 0.3128    | 6.54e-05  |
kupiec result: Reject the null hypothesis. Default count: 3
| 139       | -0.08266  | 193.3     | 0.4733    | 51.37     | 0.02977   | 6.868     | 11.3      | 19.46     | 150.4     | 1.53e+03  | 3.464     | 0.06036   | 8.347e-05 |
kupiec result: Reject the null hypothesis. Default count: 11
| 140       | -0.03642  | 151.0     | 0.3285    | 15.33     | 0.06134   | 12.78     | 6.971     | 13.29     | 96.0      | 1.917e+03 | 1.973     | 0.1843    | 1.182e-05 |
kupiec result: Reject the null hypothesis. Default count: 26
| 141       | -0.05029  | 52.79     | 0.04908   | 4.673     | 0.08141   | 6.772     | 5.832     | 14.01     | 84.3      | 770.1     | 2.017     | 0.9859    | 3.941e-05 |
kupiec result: Reject the null hypothesis. Default count: 9
| 142       | -0.04798  | 89.99     | 0.1902    | 41.53     | 0.04476   | 26.78     | 7.801     | 15.26     | 124.5     | 993.6     | 2.72      | 0.9359    | 2.201e-05 |
kupiec result: Reject the null hypothesis. Default count: 7
| 143       | -0.05954  | 81.1      | 0.4804    | 73.93     | 0.08096   | 27.17     | 8.45      | 14.18     | 183.4     | 1.21e+03  | 2.566     | 0.3594    | 1.466e-05 |
kupiec result: Reject the null hypothesis. Default count: 0
| 144       | -0.1      | 81.24     | 0.08225   | 126.0     | 0.07801   | 12.95     | 10.88     | 10.36     | 182.2     | 1.303e+03 | 1.864     | 0.7837    | 2.915e-05 |
kupiec result: Reject the null hypothesis. Default count: 17
| 145       | -0.001734 | 127.0     | 0.3942    | 5.736     | 0.07941   | 11.06     | 10.01     | 14.25     | 84.31     | 1.222e+03 | 3.556     | 0.3423    | 8.045e-05 |
kupiec result: Reject the null hypothesis. Default count: 0
| 146       | -0.1      | 190.3     | 0.4728    | 74.21     | 0.07854   | 10.4      | 6.34      | 3.251     | 177.0     | 1.121e+03 | 3.317     | 0.439     | 3.549e-05 |
kupiec result: Reject the null hypothesis. Default count: 0
| 147       | -0.1      | 159.2     | 0.3586    | 100.1     | 0.09171   | 13.33     | 11.76     | 3.008     | 195.4     | 1.939e+03 | 1.437     | 0.1244    | 9.553e-06 |
kupiec result: Reject the null hypothesis. Default count: 0
| 148       | -0.1      | 192.6     | 0.3352    | 78.15     | 0.0345    | 25.6      | 3.713     | 10.04     | 122.2     | 1.045e+03 | 1.051     | 0.1076    | 7.42e-05  |
kupiec result: Reject the null hypothesis. Default count: 11
| 149       | -0.03642  | 10.26     | 0.04851   | 52.59     | 0.09022   | 9.942     | 10.09     | 2.411     | 141.9     | 1.705e+03 | 2.91      | 0.3757    | 3e-05     |
kupiec result: Reject the null hypothesis. Default count: 12
| 150       | -0.03064  | 218.8     | 0.1809    | 48.32     | 0.0588    | 22.72     | 12.34     | 13.17     | 96.06     | 1.116e+03 | 3.347     | 0.06445   | 3.751e-05 |
kupiec result: Reject the null hypothesis. Default count: 3
| 151       | -0.08266  | 240.9     | 0.3854    | 102.6     | 0.04548   | 17.78     | 14.34     | 12.42     | 71.01     | 1.29e+03  | 3.874     | 0.2284    | 1.619e-05 |
kupiec result: Reject the null hypothesis. Default count: 0
| 152       | -0.1      | 224.9     | 0.07638   | 116.8     | 0.08792   | 20.07     | 3.199     | 6.409     | 158.6     | 628.4     | 1.988     | 0.5865    | 8.049e-05 |
kupiec result: Reject the null hypothesis. Default count: 14
| 153       | -0.01908  | 156.2     | 0.2205    | 26.6      | 0.02643   | 23.35     | 14.14     | 10.23     | 92.08     | 1.452e+03 | 3.998     | 0.2967    | 3.39e-05  |
kupiec result: Reject the null hypothesis. Default count: 9
| 154       | -0.04798  | 129.2     | 0.234     | 35.02     | 0.03787   | 8.893     | 13.1      | 15.59     | 67.13     | 1.778e+03 | 1.868     | 0.3973    | 7.202e-05 |
kupiec result: Reject the null hypothesis. Default count: 26
| 155       | -0.05029  | 113.0     | 0.136     | 117.0     | 0.01901   | 21.2      | 2.24      | 13.61     | 111.2     | 1.763e+03 | 3.778     | 0.791     | 6.168e-05 |
kupiec result: Reject the null hypothesis. Default count: 11
| 156       | -0.03642  | 98.45     | 0.3721    | 90.06     | 0.03086   | 26.05     | 12.14     | 2.761     | 141.5     | 1.404e+03 | 2.662     | 0.6416    | 3.77e-05  |
kupiec result: Reject the null hypothesis. Default count: 25
| 157       | -0.04451  | 166.8     | 0.4614    | 70.08     | 0.06291   | 17.58     | 5.854     | 14.38     | 135.9     | 1.009e+03 | 1.845     | 0.6823    | 2.363e-05 |
kupiec result: Reject the null hypothesis. Default count: 8
| 158       | -0.05376  | 4.232     | 0.06438   | 79.82     | 0.06602   | 22.91     | 12.38     | 17.45     | 144.5     | 1.7e+03   | 1.265     | 0.5602    | 2.958e-05 |
kupiec result: Reject the null hypothesis. Default count: 27
| 159       | -0.05607  | 83.37     | 0.1149    | 61.22     | 0.07501   | 25.49     | 9.072     | 17.6      | 144.5     | 725.0     | 2.216     | 0.5652    | 1.184e-05 |
kupiec result: Reject the null hypothesis. Default count: 23
| 160       | -0.03295  | 239.8     | 0.07498   | 37.07     | 0.07953   | 6.917     | 12.33     | 5.528     | 111.4     | 895.0     | 2.251     | 0.5592    | 9.085e-05 |
kupiec result: Reject the null hypothesis. Default count: 18
| 161       | -0.004046 | 200.0     | 0.2751    | 29.66     | 0.06778   | 24.92     | 12.17     | 7.35      | 116.2     | 1.191e+03 | 2.694     | 0.31      | 1.714e-05 |
kupiec result: Reject the null hypothesis. Default count: 11
| 162       | -0.03642  | 127.3     | 0.1073    | 58.93     | 0.07698   | 14.97     | 7.695     | 15.81     | 53.66     | 1.733e+03 | 3.326     | 0.1322    | 5.891e-05 |
kupiec result: Reject the null hypothesis. Default count: 3
| 163       | -0.08266  | 34.56     | 0.3533    | 48.85     | 0.02507   | 29.19     | 3.964     | 16.18     | 183.6     | 1.552e+03 | 2.96      | 0.305     | 2.454e-05 |
kupiec result: Reject the null hypothesis. Default count: 6
| 164       | -0.06532  | 88.62     | 0.2587    | 89.86     | 0.06612   | 21.69     | 12.29     | 16.12     | 179.8     | 847.4     | 3.536     | 0.2084    | 1.122e-05 |
kupiec result: Reject the null hypothesis. Default count: 15
| 165       | -0.01329  | 172.5     | 0.4305    | 5.471     | 0.03011   | 12.52     | 4.261     | 11.1      | 181.7     | 1.135e+03 | 3.14      | 0.2766    | 9.241e-05 |
kupiec result: Reject the null hypothesis. Default count: 23
| 166       | -0.03295  | 254.9     | 0.05299   | 107.3     | 0.0274    | 6.227     | 6.144     | 14.35     | 186.3     | 1.223e+03 | 2.906     | 0.005145  | 6.4e-05   |
kupiec result: Reject the null hypothesis. Default count: 17
| 167       | -0.001734 | 47.02     | 0.1685    | 31.31     | 0.04023   | 5.427     | 1.542     | 12.65     | 72.35     | 750.5     | 3.84      | 0.3435    | 6.047e-05 |
kupiec result: Reject the null hypothesis. Default count: 17
| 168       | -0.001734 | 226.4     | 0.3845    | 55.21     | 0.07438   | 15.78     | 6.249     | 9.158     | 157.7     | 936.2     | 1.507     | 0.4105    | 8.187e-05 |
kupiec result: Reject the null hypothesis. Default count: 0
| 169       | -0.1      | 161.3     | 0.4874    | 96.84     | 0.09828   | 9.699     | 4.153     | 15.47     | 182.9     | 1.601e+03 | 1.808     | 0.2681    | 5.881e-05 |
kupiec result: Reject the null hypothesis. Default count: 17
| 170       | -0.001734 | 212.8     | 0.02525   | 123.9     | 0.01128   | 5.93      | 5.765     | 3.241     | 190.0     | 1.297e+03 | 2.901     | 0.1136    | 7.971e-05 |
kupiec result: Reject the null hypothesis. Default count: 15
| 171       | -0.01329  | 132.1     | 0.2088    | 36.9      | 0.09497   | 25.34     | 7.539     | 6.4       | 196.7     | 946.4     | 3.764     | 0.7539    | 9.966e-05 |
kupiec result: Reject the null hypothesis. Default count: 11
| 172       | -0.03642  | 137.1     | 0.4578    | 14.74     | 0.08701   | 5.292     | 6.516     | 6.421     | 98.16     | 572.0     | 2.491     | 0.335     | 1.897e-06 |
kupiec result: Reject the null hypothesis. Default count: 15
| 173       | -0.01329  | 210.9     | 0.1809    | 76.21     | 0.02129   | 5.143     | 13.56     | 3.359     | 104.9     | 1.313e+03 | 3.163     | 0.2962    | 2.805e-05 |
kupiec result: Reject the null hypothesis. Default count: 23
| 174       | -0.03295  | 84.76     | 0.4728    | 26.2      | 0.03516   | 26.79     | 3.403     | 16.0      | 142.0     | 1.924e+03 | 2.548     | 0.4908    | 6.026e-05 |
kupiec result: Reject the null hypothesis. Default count: 11
| 175       | -0.03642  | 135.0     | 0.1867    | 85.15     | 0.09484   | 22.93     | 12.95     | 17.32     | 131.0     | 834.0     | 2.31      | 0.5104    | 6.08e-05  |
kupiec result: Reject the null hypothesis. Default count: 22
| 176       | -0.02717  | 54.75     | 0.3439    | 120.6     | 0.01171   | 20.9      | 2.364     | 9.507     | 175.8     | 1.045e+03 | 2.799     | 0.9217    | 4.622e-05 |
kupiec result: Reject the null hypothesis. Default count: 11
| 177       | -0.03642  | 14.14     | 0.2227    | 69.15     | 0.0936    | 22.65     | 4.679     | 12.82     | 144.8     | 1.164e+03 | 3.255     | 0.6512    | 8.912e-05 |
kupiec result: Reject the null hypothesis. Default count: 17
| 178       | -0.001734 | 164.4     | 0.1583    | 55.0      | 0.02817   | 15.18     | 7.532     | 10.96     | 198.7     | 1.259e+03 | 3.026     | 0.9865    | 9.099e-05 |
kupiec result: Reject the null hypothesis. Default count: 20
| 179       | -0.01561  | 229.7     | 0.38      | 11.19     | 0.08891   | 5.303     | 11.18     | 4.183     | 195.8     | 1.064e+03 | 3.118     | 0.733     | 3.849e-06 |
kupiec result: Reject the null hypothesis. Default count: 19
| 180       | -0.009827 | 92.25     | 0.335     | 74.96     | 0.0485    | 14.77     | 2.099     | 2.562     | 171.6     | 551.5     | 1.676     | 0.3164    | 6.271e-05 |
kupiec result: Reject the null hypothesis. Default count: 12
| 181       | -0.03064  | 141.0     | 0.1226    | 50.73     | 0.08993   | 11.67     | 1.473     | 12.63     | 167.1     | 1.355e+03 | 3.701     | 0.3424    | 4.912e-05 |
kupiec result: Reject the null hypothesis. Default count: 1
| 182       | -0.09422  | 5.49      | 0.134     | 6.209     | 0.01813   | 9.485     | 10.32     | 18.62     | 160.9     | 1.662e+03 | 3.179     | 0.7763    | 8.199e-05 |
kupiec result: Reject the null hypothesis. Default count: 14
| 183       | -0.01908  | 117.8     | 0.4456    | 29.84     | 0.0007209 | 12.31     | 13.94     | 9.393     | 115.1     | 748.7     | 1.885     | 0.8342    | 2.954e-05 |
kupiec result: Reject the null hypothesis. Default count: 21
| 184       | -0.02139  | 128.5     | 0.4269    | 40.44     | 0.0231    | 21.59     | 1.39      | 8.915     | 167.5     | 1.411e+03 | 3.345     | 0.4099    | 2.493e-05 |
kupiec result: Reject the null hypothesis. Default count: 77
