Iteration:     11,   Func. Count:    145,   Neg. LLF: 55025465814538.43
Iteration:     12,   Func. Count:    160,   Neg. LLF: 4.464219608205667e+22
Iteration:     13,   Func. Count:    174,   Neg. LLF: -5643.225776443665
Optimization terminated successfully    (Exit mode 0)
            Current function value: -5643.225769421766
            Iterations: 17
            Function evaluations: 174
            Gradient evaluations: 13
CUDA Available: True
GPU Name: NVIDIA GeForce RTX 3050 Ti Laptop GPU
Using device: cuda
|   iter    |  target   | batch_... |  dropout  | hidden... |    lr     | max_depth | min_sa... | min_sa... | n_esti... |  n_iter   | num_la... |    tau    |    tol    |
-------------------------------------------------------------------------------------------------------------------------------------------------------------------------
kupiec result: Reject the null hypothesis. Default count: 18
| 1         | -0.004046 | 109.1     | 0.3602    | 4.014     | 0.0303    | 8.669     | 2.293     | 5.353     | 101.8     | 1.095e+03 | 2.616     | 0.4192    | 6.884e-05 |
kupiec result: Reject the null hypothesis. Default count: 29
| 2         | -0.06763  | 55.52     | 0.4391    | 7.396     | 0.06708   | 15.43     | 8.822     | 4.527     | 79.72     | 1.701e+03 | 3.905     | 0.3134    | 6.954e-05 |
kupiec result: Reject the null hypothesis. Default count: 16
| 3         | -0.007514 | 224.9     | 0.4473    | 14.55     | 0.004002  | 9.246     | 13.29     | 3.77      | 113.2     | 1.937e+03 | 2.599     | 0.6919    | 3.224e-05 |
kupiec result: Reject the null hypothesis. Default count: 17
| 4         | -0.001734 | 177.0     | 0.4173    | 6.268     | 0.07504   | 29.72     | 11.47     | 7.048     | 168.4     | 654.8     | 2.344     | 0.9086    | 3.007e-05 |
kupiec result: Reject the null hypothesis. Default count: 18
| 5         | -0.004046 | 76.52     | 0.06501   | 6.402     | 0.06792   | 10.29     | 4.718     | 10.85     | 58.0      | 1.361e+03 | 1.44      | 0.5893    | 7.028e-05 |
kupiec result: Reject the null hypothesis. Default count: 32
| 6         | -0.08497  | 29.79     | 0.207     | 90.11     | 0.04148   | 6.249     | 8.503     | 13.95     | 127.2     | 1.917e+03 | 2.76      | 0.9034    | 1.461e-05 |
kupiec result: Reject the null hypothesis. Default count: 19
| 7         | -0.009827 | 39.1      | 0.4037    | 53.31     | 0.01662   | 28.19     | 5.869     | 15.51     | 158.9     | 1.825e+03 | 2.871     | 0.7509    | 3.554e-05 |
kupiec result: Reject the null hypothesis. Default count: 13
| 8         | -0.02486  | 72.02     | 0.4479    | 57.08     | 0.09649   | 21.59     | 9.704     | 4.065     | 192.4     | 1.175e+03 | 2.735     | 0.4081    | 2.447e-05 |
kupiec result: Reject the null hypothesis. Default count: 20
| 9         | -0.01561  | 231.7     | 0.2868    | 4.356     | 0.06175   | 13.17     | 8.379     | 17.95     | 103.6     | 1.863e+03 | 2.87      | 0.01582   | 9.301e-05 |
kupiec result: Reject the null hypothesis. Default count: 23
| 10        | -0.03295  | 178.1     | 0.4987    | 25.37     | 0.0138    | 28.31     | 10.76     | 3.188     | 163.3     | 1.631e+03 | 3.769     | 0.7115    | 1.33e-05  |
kupiec result: Reject the null hypothesis. Default count: 11
| 11        | -0.03642  | 9.01      | 0.01311   | 7.51      | 0.0247    | 26.5      | 8.544     | 11.95     | 176.3     | 686.3     | 1.838     | 0.5858    | 9.699e-05 |
kupiec result: Reject the null hypothesis. Default count: 1
| 12        | -0.09422  | 145.4     | 0.009324  | 103.3     | 0.02337   | 25.18     | 6.43      | 17.54     | 162.1     | 1.334e+03 | 1.409     | 0.05992   | 1.301e-05 |
kupiec result: Reject the null hypothesis. Default count: 8
| 13        | -0.05376  | 15.23     | 0.05375   | 31.99     | 0.07133   | 18.99     | 1.176     | 3.296     | 195.1     | 1.352e+03 | 1.61      | 0.2523    | 7.464e-05 |
kupiec result: Reject the null hypothesis. Default count: 0
| 14        | -0.1      | 53.25     | 0.2907    | 124.3     | 0.0847    | 11.0      | 7.913     | 13.16     | 174.3     | 735.2     | 1.056     | 0.07002   | 4.915e-05 |
kupiec result: Reject the null hypothesis. Default count: 11
| 15        | -0.03642  | 156.8     | 0.2844    | 43.35     | 0.09886   | 19.49     | 6.322     | 11.92     | 161.8     | 1.504e+03 | 1.795     | 0.06633   | 3.764e-05 |
kupiec result: Reject the null hypothesis. Default count: 26
| 16        | -0.05029  | 162.7     | 0.1051    | 97.34     | 0.006747  | 11.51     | 12.27     | 5.482     | 145.9     | 1.287e+03 | 3.774     | 0.2633    | 7.53e-06  |
kupiec result: Reject the null hypothesis. Default count: 11
| 17        | -0.03642  | 189.2     | 0.3861    | 116.6     | 0.0932    | 5.349     | 4.281     | 13.1      | 192.4     | 1.925e+03 | 2.67      | 0.9156    | 6.452e-05 |
kupiec result: Reject the null hypothesis. Default count: 6
| 18        | -0.06532  | 102.3     | 0.243     | 78.93     | 0.055     | 28.15     | 13.86     | 9.108     | 194.5     | 760.9     | 1.379     | 0.1351    | 5.106e-05 |
kupiec result: Reject the null hypothesis. Default count: 10
| 19        | -0.0422   | 9.424     | 0.474     | 106.6     | 0.0016    | 9.405     | 5.649     | 4.358     | 171.4     | 1.017e+03 | 3.82      | 0.582     | 8.8e-05   |
kupiec result: Reject the null hypothesis. Default count: 14
| 20        | -0.01908  | 216.9     | 0.4527    | 61.03     | 0.05468   | 24.97     | 5.0       | 10.82     | 139.9     | 523.3     | 2.78      | 0.4337    | 8.093e-05 |
kupiec result: Reject the null hypothesis. Default count: 17
| 21        | -0.001734 | 83.44     | 0.4464    | 75.65     | 0.01848   | 24.7      | 9.568     | 2.97      | 113.0     | 1.519e+03 | 3.756     | 0.000402  | 9.77e-05  |
kupiec result: Reject the null hypothesis. Default count: 0
| 22        | -0.1      | 98.9      | 0.4869    | 78.98     | 0.0829    | 19.37     | 9.793     | 7.14      | 138.0     | 1.625e+03 | 3.575     | 0.7551    | 7.011e-05 |
kupiec result: Reject the null hypothesis. Default count: 10
| 23        | -0.0422   | 221.8     | 0.1613    | 87.18     | 0.04514   | 14.55     | 6.751     | 9.227     | 97.61     | 1.433e+03 | 2.291     | 0.9738    | 6.81e-05  |
kupiec result: Reject the null hypothesis. Default count: 22
| 24        | -0.02717  | 54.04     | 0.2134    | 46.57     | 0.07978   | 27.0      | 13.65     | 13.93     | 90.53     | 878.6     | 3.565     | 0.5277    | 8.041e-05 |
kupiec result: Reject the null hypothesis. Default count: 6
| 25        | -0.06532  | 148.3     | 0.3666    | 68.36     | 0.07711   | 19.22     | 7.52      | 8.168     | 60.23     | 1.067e+03 | 1.239     | 0.9828    | 1.898e-05 |
kupiec result: Reject the null hypothesis. Default count: 9
| 26        | -0.04798  | 208.6     | 0.4375    | 89.36     | 0.05699   | 9.024     | 7.536     | 8.213     | 83.76     | 1.389e+03 | 1.937     | 0.9163    | 9.105e-05 |
kupiec result: Reject the null hypothesis. Default count: 18
| 27        | -0.004046 | 68.79     | 0.05545   | 27.93     | 0.05001   | 23.21     | 3.915     | 6.465     | 177.8     | 1.124e+03 | 2.85      | 0.2337    | 1.109e-05 |
kupiec result: Reject the null hypothesis. Default count: 17
| 28        | -0.001734 | 134.0     | 0.2386    | 22.93     | 0.06222   | 18.6      | 10.16     | 4.602     | 162.7     | 833.1     | 2.558     | 0.7853    | 3.211e-06 |
kupiec result: Reject the null hypothesis. Default count: 6
| 29        | -0.06532  | 85.74     | 0.4365    | 108.7     | 0.05389   | 26.67     | 14.3      | 16.88     | 178.1     | 648.1     | 2.954     | 0.7035    | 6.141e-05 |
kupiec result: Reject the null hypothesis. Default count: 12
| 30        | -0.03064  | 205.5     | 0.01729   | 99.51     | 0.0732    | 11.49     | 4.599     | 13.38     | 101.8     | 1.695e+03 | 2.338     | 0.7827    | 9.906e-05 |
kupiec result: Reject the null hypothesis. Default count: 0
| 31        | -0.1      | 199.2     | 0.3597    | 115.7     | 0.03703   | 9.937     | 10.46     | 10.73     | 188.1     | 1.932e+03 | 2.709     | 0.4907    | 7.723e-06 |
kupiec result: Reject the null hypothesis. Default count: 1
| 32        | -0.09422  | 75.59     | 0.4937    | 126.7     | 0.02709   | 27.63     | 7.439     | 19.81     | 157.4     | 1.087e+03 | 1.849     | 0.8368    | 2.889e-06 |
kupiec result: Reject the null hypothesis. Default count: 1
| 33        | -0.09422  | 215.7     | 0.2401    | 119.7     | 0.09497   | 21.1      | 7.167     | 16.52     | 65.88     | 1.254e+03 | 3.236     | 0.3405    | 6.893e-05 |
kupiec result: Reject the null hypothesis. Default count: 1
| 34        | -0.09422  | 141.6     | 0.004939  | 75.22     | 0.08177   | 6.961     | 13.23     | 9.657     | 129.3     | 1.786e+03 | 2.937     | 0.3599    | 9.228e-05 |
kupiec result: Reject the null hypothesis. Default count: 1
| 35        | -0.09422  | 39.23     | 0.1676    | 67.6      | 0.09644   | 13.41     | 4.157     | 5.623     | 65.45     | 1.174e+03 | 2.762     | 0.4658    | 3.128e-05 |
kupiec result: Reject the null hypothesis. Default count: 8
| 36        | -0.05376  | 26.68     | 0.1695    | 75.6      | 0.02486   | 22.39     | 14.75     | 8.41      | 104.4     | 639.2     | 1.73      | 0.8092    | 7.241e-05 |
kupiec result: Reject the null hypothesis. Default count: 0
| 37        | -0.1      | 74.6      | 0.04808   | 126.5     | 0.03772   | 26.51     | 3.463     | 9.444     | 129.4     | 1.777e+03 | 1.48      | 0.932     | 8.842e-05 |
kupiec result: Reject the null hypothesis. Default count: 0
| 38        | -0.1      | 194.7     | 0.006082  | 121.9     | 0.0906    | 17.84     | 1.457     | 4.75      | 98.28     | 940.4     | 1.979     | 0.1498    | 5.734e-05 |
kupiec result: Reject the null hypothesis. Default count: 8
| 39        | -0.05376  | 128.2     | 0.1202    | 111.1     | 0.04169   | 21.14     | 5.879     | 18.53     | 75.57     | 614.1     | 1.779     | 0.2789    | 3.943e-05 |
kupiec result: Reject the null hypothesis. Default count: 16
| 40        | -0.007514 | 201.4     | 0.1221    | 90.12     | 0.0745    | 16.16     | 13.94     | 3.998     | 148.4     | 1.345e+03 | 1.33      | 0.2854    | 5.352e-05 |
kupiec result: Reject the null hypothesis. Default count: 8
| 41        | -0.05376  | 44.14     | 0.4326    | 62.48     | 0.08478   | 23.42     | 6.947     | 9.79      | 153.7     | 1.388e+03 | 3.493     | 0.8967    | 1.552e-06 |
kupiec result: Reject the null hypothesis. Default count: 16
| 42        | -0.007514 | 84.72     | 0.02938   | 26.91     | 0.08452   | 8.321     | 7.759     | 7.82      | 129.4     | 791.7     | 1.948     | 0.2075    | 9.605e-05 |
kupiec result: Reject the null hypothesis. Default count: 20
| 43        | -0.01561  | 111.4     | 0.4554    | 31.65     | 0.002207  | 14.53     | 4.973     | 8.498     | 178.1     | 524.7     | 1.404     | 0.5223    | 7.902e-05 |
kupiec result: Reject the null hypothesis. Default count: 18
| 44        | -0.004046 | 242.8     | 0.3776    | 45.92     | 0.002296  | 10.65     | 13.18     | 13.29     | 71.42     | 1.442e+03 | 2.522     | 0.9092    | 9.118e-05 |
kupiec result: Reject the null hypothesis. Default count: 11
| 45        | -0.03642  | 200.7     | 0.2363    | 102.5     | 0.03451   | 15.94     | 4.538     | 18.0      | 101.0     | 1.695e+03 | 3.709     | 0.5831    | 7.501e-05 |
kupiec result: Reject the null hypothesis. Default count: 15
| 46        | -0.01329  | 107.9     | 0.2256    | 22.12     | 0.03812   | 14.41     | 2.508     | 11.65     | 185.3     | 526.7     | 1.927     | 0.6685    | 5.094e-05 |
kupiec result: Reject the null hypothesis. Default count: 17
| 47        | -0.001734 | 91.04     | 0.2918    | 65.09     | 0.08597   | 19.77     | 8.538     | 10.76     | 108.3     | 1.512e+03 | 2.529     | 0.2461    | 9.419e-05 |
kupiec result: Reject the null hypothesis. Default count: 11
| 48        | -0.03642  | 77.88     | 0.0401    | 68.87     | 0.03998   | 26.73     | 7.501     | 2.87      | 125.9     | 1.505e+03 | 2.332     | 0.2827    | 4.104e-05 |
kupiec result: Reject the null hypothesis. Default count: 9
| 49        | -0.04798  | 83.81     | 0.1226    | 59.1      | 0.01482   | 22.45     | 9.676     | 17.75     | 119.2     | 1.524e+03 | 1.145     | 0.8647    | 8.343e-06 |
kupiec result: Reject the null hypothesis. Default count: 21
| 50        | -0.02139  | 84.55     | 0.08783   | 91.77     | 0.08775   | 11.67     | 7.719     | 6.875     | 108.3     | 1.509e+03 | 3.506     | 0.9314    | 7.04e-05  |
kupiec result: Reject the null hypothesis. Default count: 17
| 51        | -0.001734 | 211.1     | 0.2173    | 102.5     | 0.04192   | 9.609     | 13.0      | 11.62     | 103.0     | 1.696e+03 | 2.13      | 0.609     | 8.51e-05  |
kupiec result: Reject the null hypothesis. Default count: 13
| 52        | -0.02486  | 226.2     | 0.2919    | 64.65     | 0.07613   | 28.26     | 2.778     | 7.991     | 140.6     | 526.2     | 3.083     | 0.2722    | 6.428e-05 |
kupiec result: Reject the null hypothesis. Default count: 19
| 53        | -0.009827 | 92.09     | 0.3828    | 78.37     | 0.02932   | 16.32     | 3.433     | 9.729     | 107.2     | 1.52e+03  | 2.33      | 0.03423   | 2.214e-05 |
kupiec result: Reject the null hypothesis. Default count: 17
| 54        | -0.001734 | 232.6     | 0.3252    | 117.1     | 0.07061   | 17.25     | 10.05     | 11.2      | 104.0     | 1.704e+03 | 3.709     | 0.07914   | 4.728e-05 |
kupiec result: Reject the null hypothesis. Default count: 13
| 55        | -0.02486  | 173.9     | 0.1334    | 11.39     | 0.009     | 28.35     | 11.49     | 2.852     | 164.9     | 656.4     | 3.155     | 0.1712    | 9.128e-05 |
kupiec result: Reject the null hypothesis. Default count: 11
| 56        | -0.03642  | 234.6     | 0.2457    | 104.1     | 0.04315   | 16.52     | 13.67     | 13.94     | 98.8      | 1.692e+03 | 3.271     | 0.736     | 8.686e-05 |
kupiec result: Reject the null hypothesis. Default count: 15
| 57        | -0.01329  | 208.0     | 0.1344    | 124.4     | 0.0524    | 8.449     | 12.01     | 6.223     | 108.5     | 1.693e+03 | 2.027     | 0.06346   | 9.531e-05 |
kupiec result: Reject the null hypothesis. Default count: 1
| 58        | -0.09422  | 84.65     | 0.2221    | 26.54     | 0.09962   | 5.79      | 7.319     | 8.062     | 121.9     | 787.2     | 3.569     | 0.1262    | 1.703e-05 |
kupiec result: Reject the null hypothesis. Default count: 5
| 59        | -0.0711   | 204.0     | 0.04663   | 86.33     | 0.05737   | 15.3      | 6.277     | 3.416     | 148.0     | 1.355e+03 | 1.981     | 0.732     | 2.79e-05  |
kupiec result: Reject the null hypothesis. Default count: 22
| 60        | -0.02717  | 230.3     | 0.3833    | 117.3     | 0.01139   | 12.14     | 8.536     | 12.13     | 103.1     | 1.713e+03 | 2.953     | 0.8303    | 7.27e-06  |
kupiec result: Reject the null hypothesis. Default count: 25
| 61        | -0.04451  | 118.4     | 0.4705    | 27.91     | 0.04174   | 9.559     | 1.791     | 7.551     | 177.1     | 518.7     | 1.597     | 0.9355    | 4.075e-05 |
kupiec result: Reject the null hypothesis. Default count: 0
| 62        | -0.1      | 71.93     | 0.4157    | 61.83     | 0.05737   | 22.68     | 10.74     | 6.775     | 187.9     | 1.171e+03 | 1.094     | 0.3872    | 5.604e-05 |
kupiec result: Reject the null hypothesis. Default count: 20
| 63        | -0.01561  | 120.3     | 0.4409    | 101.9     | 0.0203    | 13.69     | 1.149     | 11.25     | 128.1     | 1.658e+03 | 1.278     | 0.7213    | 5.423e-05 |
kupiec result: Reject the null hypothesis. Default count: 6
| 64        | -0.06532  | 97.56     | 0.4146    | 36.01     | 0.09589   | 23.72     | 9.649     | 15.69     | 122.0     | 849.2     | 3.379     | 0.1467    | 5.512e-05 |
kupiec result: Reject the null hypothesis. Default count: 19
| 65        | -0.009827 | 37.68     | 0.4926    | 127.0     | 0.09024   | 7.644     | 12.56     | 2.397     | 123.8     | 723.4     | 2.763     | 0.9594    | 1.334e-05 |
kupiec result: Reject the null hypothesis. Default count: 11
| 66        | -0.03642  | 70.8      | 0.06193   | 121.6     | 0.03987   | 24.86     | 9.913     | 16.81     | 158.2     | 873.6     | 3.783     | 0.9475    | 8.128e-05 |
kupiec result: Reject the null hypothesis. Default count: 19
| 67        | -0.009827 | 68.93     | 0.3768    | 56.98     | 0.09766   | 23.89     | 9.131     | 4.803     | 91.13     | 1.59e+03  | 3.085     | 0.357     | 3.09e-05  |
kupiec result: Reject the null hypothesis. Default count: 4
| 68        | -0.07688  | 16.4      | 0.4168    | 93.65     | 0.0655    | 21.06     | 8.896     | 15.32     | 127.1     | 1.211e+03 | 2.0       | 0.4212    | 5.358e-05 |
kupiec result: Reject the null hypothesis. Default count: 17
| 69        | -0.001734 | 242.7     | 0.4067    | 19.61     | 0.007035  | 29.66     | 13.9      | 12.94     | 143.5     | 1.956e+03 | 3.46      | 0.5683    | 2.273e-05 |
kupiec result: Reject the null hypothesis. Default count: 8
| 70        | -0.05376  | 29.47     | 0.04058   | 114.3     | 0.01335   | 11.02     | 6.206     | 10.32     | 197.6     | 642.3     | 3.018     | 0.01272   | 9.706e-05 |
kupiec result: Reject the null hypothesis. Default count: 24
| 71        | -0.03873  | 201.8     | 0.3145    | 28.53     | 0.06715   | 26.46     | 9.948     | 3.68      | 118.4     | 1.852e+03 | 1.827     | 0.6298    | 5.717e-05 |
kupiec result: Reject the null hypothesis. Default count: 18
| 72        | -0.004046 | 195.7     | 0.23      | 92.76     | 0.01475   | 6.66      | 5.853     | 9.915     | 61.92     | 625.4     | 3.838     | 0.9293    | 9.808e-05 |
kupiec result: Reject the null hypothesis. Default count: 28
| 73        | -0.06185  | 156.1     | 0.3627    | 60.0      | 0.07081   | 5.13      | 3.534     | 4.983     | 147.5     | 1.32e+03  | 3.834     | 0.8302    | 3.591e-05 |
kupiec result: Reject the null hypothesis. Default count: 1
| 74        | -0.09422  | 4.798     | 0.0325    | 118.1     | 0.08965   | 6.564     | 6.472     | 14.18     | 189.5     | 1.948e+03 | 3.251     | 0.3804    | 3.551e-05 |
kupiec result: Reject the null hypothesis. Default count: 17
| 75        | -0.001734 | 142.3     | 0.3656    | 46.16     | 0.06576   | 22.91     | 1.111     | 15.76     | 106.9     | 763.9     | 3.923     | 0.935     | 6.114e-05 |
kupiec result: Reject the null hypothesis. Default count: 15
| 76        | -0.01329  | 59.03     | 0.2403    | 14.67     | 0.002903  | 26.07     | 10.75     | 9.292     | 95.91     | 1.708e+03 | 1.152     | 0.9341    | 6.6e-05   |
kupiec result: Reject the null hypothesis. Default count: 1
| 77        | -0.09422  | 92.48     | 0.3195    | 69.53     | 0.03072   | 23.1      | 4.758     | 2.813     | 84.37     | 506.3     | 2.73      | 0.3751    | 1.801e-05 |
kupiec result: Reject the null hypothesis. Default count: 5
| 78        | -0.0711   | 34.78     | 0.4885    | 63.67     | 0.02793   | 10.98     | 10.21     | 19.96     | 180.0     | 1.624e+03 | 1.83      | 0.7292    | 4.263e-05 |
kupiec result: Reject the null hypothesis. Default count: 22
| 79        | -0.02717  | 154.9     | 0.1764    | 6.223     | 0.0927    | 21.43     | 6.086     | 17.88     | 79.45     | 1.552e+03 | 1.495     | 0.2573    | 2.865e-05 |
kupiec result: Reject the null hypothesis. Default count: 21
| 80        | -0.02139  | 142.6     | 0.07579   | 40.79     | 0.03191   | 11.83     | 14.95     | 3.524     | 144.3     | 1.144e+03 | 3.933     | 0.1188    | 9.226e-05 |
kupiec result: Reject the null hypothesis. Default count: 1
| 81        | -0.09422  | 188.3     | 0.4148    | 86.08     | 0.09907   | 8.249     | 5.56      | 12.49     | 81.04     | 1.307e+03 | 2.211     | 0.2116    | 1.384e-05 |
kupiec result: Reject the null hypothesis. Default count: 3
| 82        | -0.08266  | 15.12     | 0.08393   | 96.61     | 0.04693   | 19.45     | 10.37     | 13.98     | 182.2     | 1.263e+03 | 3.93      | 0.8863    | 9.529e-05 |
kupiec result: Reject the null hypothesis. Default count: 16
| 83        | -0.007514 | 157.0     | 0.2222    | 11.03     | 0.003178  | 17.9      | 11.05     | 4.261     | 76.64     | 1.53e+03  | 2.786     | 0.3162    | 8.085e-05 |
kupiec result: Reject the null hypothesis. Default count: 19
| 84        | -0.009827 | 134.6     | 0.3827    | 29.01     | 0.06292   | 7.43      | 14.64     | 11.67     | 99.74     | 1.761e+03 | 2.142     | 0.8959    | 2.265e-05 |
kupiec result: Reject the null hypothesis. Default count: 18
| 85        | -0.004046 | 34.65     | 0.2459    | 54.21     | 0.02872   | 6.073     | 12.04     | 4.096     | 89.2      | 1.782e+03 | 3.559     | 0.09518   | 4.925e-06 |
kupiec result: Reject the null hypothesis. Default count: 46
| 86        | -0.1659   | 64.94     | 0.3714    | 125.0     | 0.04377   | 29.55     | 9.205     | 12.4      | 139.8     | 1.992e+03 | 3.812     | 0.2065    | 7.102e-05 |
kupiec result: Reject the null hypothesis. Default count: 22
| 87        | -0.02717  | 183.4     | 0.2902    | 21.02     | 0.06553   | 14.09     | 3.731     | 8.311     | 72.45     | 1.899e+03 | 2.185     | 0.569     | 8.847e-05 |
kupiec result: Reject the null hypothesis. Default count: 12
| 88        | -0.03064  | 192.8     | 0.2248    | 70.21     | 0.02739   | 15.37     | 5.003     | 11.78     | 161.7     | 1.007e+03 | 2.365     | 0.9706    | 7.825e-05 |
kupiec result: Reject the null hypothesis. Default count: 32
| 89        | -0.08497  | 122.2     | 0.0468    | 32.69     | 0.09081   | 8.816     | 14.35     | 15.45     | 141.3     | 1.864e+03 | 1.289     | 0.6206    | 6.554e-05 |
kupiec result: Reject the null hypothesis. Default count: 13
| 90        | -0.02486  | 14.39     | 0.3589    | 92.56     | 0.0001514 | 21.63     | 7.648     | 6.53      | 65.74     | 1.295e+03 | 2.697     | 0.672     | 9.083e-05 |
kupiec result: Reject the null hypothesis. Default count: 7
