244 times prediction finished! loss:
245 times prediction finished! loss:
246 times prediction finished! loss:
247 times prediction finished! loss:
248 times prediction finished! loss:
249 times prediction finished! loss:
250 times prediction finished! loss:
251 times prediction finished! loss:
252 times prediction finished! loss:
253 times prediction finished! loss:
254 times prediction finished! loss:
255 times prediction finished! loss:
256 times prediction finished! loss:
257 times prediction finished! loss:
258 times prediction finished! loss:
259 times prediction finished! loss:
260 times prediction finished! loss:
261 times prediction finished! loss:
262 times prediction finished! loss:
263 times prediction finished! loss:
264 times prediction finished! loss:
265 times prediction finished! loss:
266 times prediction finished! loss:
267 times prediction finished! loss:
268 times prediction finished! loss:
269 times prediction finished! loss:
270 times prediction finished! loss:
271 times prediction finished! loss:
272 times prediction finished! loss:
273 times prediction finished! loss:
274 times prediction finished! loss:
275 times prediction finished! loss:
276 times prediction finished! loss:
277 times prediction finished! loss:
278 times prediction finished! loss:
279 times prediction finished! loss:
280 times prediction finished! loss:
281 times prediction finished! loss:
282 times prediction finished! loss:
283 times prediction finished! loss:
284 times prediction finished! loss:
285 times prediction finished! loss:
286 times prediction finished! loss:
287 times prediction finished! loss:
288 times prediction finished! loss:
289 times prediction finished! loss:
290 times prediction finished! loss:
291 times prediction finished! loss:
292 times prediction finished! loss:
293 times prediction finished! loss:
294 times prediction finished! loss:
295 times prediction finished! loss:
296 times prediction finished! loss:
297 times prediction finished! loss:
298 times prediction finished! loss:
299 times prediction finished! loss:
300 times prediction finished! loss:
301 times prediction finished! loss:
302 times prediction finished! loss:
303 times prediction finished! loss:
304 times prediction finished! loss:
305 times prediction finished! loss:
306 times prediction finished! loss:
307 times prediction finished! loss:
308 times prediction finished! loss:
309 times prediction finished! loss:
310 times prediction finished! loss:
311 times prediction finished! loss:
312 times prediction finished! loss:
313 times prediction finished! loss:
314 times prediction finished! loss:
315 times prediction finished! loss:
316 times prediction finished! loss:
317 times prediction finished! loss:
318 times prediction finished! loss:
319 times prediction finished! loss:
320 times prediction finished! loss:
321 times prediction finished! loss:
322 times prediction finished! loss:
323 times prediction finished! loss:
324 times prediction finished! loss:
325 times prediction finished! loss:
326 times prediction finished! loss:
327 times prediction finished! loss:
328 times prediction finished! loss:
329 times prediction finished! loss:
330 times prediction finished! loss:
331 times prediction finished! loss:
332 times prediction finished! loss:
333 times prediction finished! loss:
334 times prediction finished! loss:
335 times prediction finished! loss:
336 times prediction finished! loss:
337 times prediction finished! loss:
338 times prediction finished! loss:
339 times prediction finished! loss:
340 times prediction finished! loss:
341 times prediction finished! loss:
342 times prediction finished! loss:
343 times prediction finished! loss:
344 times prediction finished! loss:
345 times prediction finished! loss:
model training finished!
model last loss:  0.0017341040462427737
kupiec result: Reject the null hypothesis. Default count: 34
kupiec result: Reject the null hypothesis. Default count: 34
True