| 279       | -0.02139  | 8.22      | 0.005615  | 72.27     | 0.01125   | 22.41     | 10.61     | 14.77     | 61.3      | 746.3     | 2.035     | 0.02795   | 4.863e-05 |
kupiec result: Reject the null hypothesis. Default count: 16
| 280       | -0.007514 | 176.1     | 0.03989   | 18.63     | 0.06411   | 13.32     | 5.518     | 16.95     | 190.7     | 1.182e+03 | 3.123     | 0.08492   | 4.9e-06   |
kupiec result: Reject the null hypothesis. Default count: 21
| 281       | -0.02139  | 169.5     | 0.3437    | 85.36     | 0.0157    | 19.09     | 7.768     | 12.69     | 51.71     | 1.413e+03 | 3.876     | 0.3489    | 8.716e-05 |
kupiec result: Reject the null hypothesis. Default count: 24
| 282       | -0.03873  | 254.5     | 0.4986    | 30.21     | 0.09943   | 19.19     | 7.206     | 4.81      | 75.38     | 558.3     | 2.815     | 0.9248    | 7.812e-05 |
kupiec result: Reject the null hypothesis. Default count: 22
| 283       | -0.02717  | 79.62     | 0.4683    | 9.676     | 0.07895   | 16.33     | 11.21     | 10.29     | 110.6     | 1.205e+03 | 1.79      | 0.3744    | 5.998e-05 |
kupiec result: Reject the null hypothesis. Default count: 4
| 284       | -0.07688  | 17.86     | 0.0683    | 59.49     | 0.0961    | 8.991     | 4.037     | 10.66     | 159.8     | 1.348e+03 | 3.541     | 0.6909    | 4.794e-05 |
kupiec result: Reject the null hypothesis. Default count: 0
| 285       | -0.1      | 89.91     | 0.03398   | 93.31     | 0.0608    | 21.77     | 8.559     | 14.85     | 192.6     | 1.962e+03 | 3.945     | 0.1827    | 4.159e-05 |
kupiec result: Reject the null hypothesis. Default count: 24
| 286       | -0.03873  | 100.7     | 0.2777    | 104.7     | 0.03442   | 8.888     | 5.229     | 19.37     | 90.46     | 1.412e+03 | 2.314     | 0.168     | 9.227e-05 |
kupiec result: Reject the null hypothesis. Default count: 17
| 287       | -0.001734 | 10.51     | 0.2889    | 19.33     | 0.08106   | 6.036     | 11.02     | 14.28     | 113.2     | 1.26e+03  | 3.224     | 0.5862    | 7.29e-05  |
kupiec result: Reject the null hypothesis. Default count: 11
| 288       | -0.03642  | 52.49     | 0.2527    | 86.19     | 0.04987   | 17.07     | 3.065     | 10.63     | 164.6     | 879.3     | 3.293     | 0.5979    | 9.408e-05 |
kupiec result: Reject the null hypothesis. Default count: 12
| 289       | -0.03064  | 244.8     | 0.1082    | 14.79     | 0.05221   | 28.46     | 9.099     | 3.045     | 63.11     | 1.446e+03 | 3.39      | 0.8802    | 9.08e-06  |
kupiec result: Reject the null hypothesis. Default count: 17
| 290       | -0.001734 | 131.2     | 0.446     | 89.68     | 0.01111   | 15.22     | 12.62     | 9.191     | 84.79     | 1.925e+03 | 3.536     | 0.9049    | 6.618e-05 |
kupiec result: Reject the null hypothesis. Default count: 62
| 291       | -0.2584   | 180.1     | 0.3435    | 94.6      | 0.07951   | 14.19     | 5.398     | 9.071     | 160.9     | 1.141e+03 | 3.708     | 0.3592    | 4.083e-05 |
kupiec result: Reject the null hypothesis. Default count: 9
| 292       | -0.04798  | 193.0     | 0.1812    | 26.95     | 0.03463   | 9.897     | 7.328     | 3.253     | 131.8     | 604.0     | 1.329     | 0.6186    | 7.251e-05 |
kupiec result: Reject the null hypothesis. Default count: 30
| 293       | -0.07341  | 85.51     | 0.3591    | 70.77     | 0.06439   | 8.062     | 6.884     | 13.93     | 140.0     | 592.7     | 2.722     | 0.296     | 4.502e-05 |
kupiec result: Reject the null hypothesis. Default count: 19
| 294       | -0.009827 | 63.96     | 0.3969    | 34.49     | 0.03607   | 13.72     | 9.551     | 18.34     | 92.33     | 925.0     | 1.675     | 0.9705    | 7.298e-05 |
kupiec result: Reject the null hypothesis. Default count: 11
| 295       | -0.03642  | 56.62     | 0.1571    | 29.08     | 0.01105   | 21.84     | 11.6      | 12.14     | 56.72     | 1.321e+03 | 3.241     | 0.9579    | 4.279e-05 |
kupiec result: Reject the null hypothesis. Default count: 8
| 296       | -0.05376  | 79.45     | 0.4195    | 35.16     | 0.07552   | 10.51     | 11.24     | 11.6      | 69.12     | 687.7     | 2.335     | 0.6687    | 8.605e-06 |
kupiec result: Reject the null hypothesis. Default count: 11
| 297       | -0.03642  | 187.0     | 0.1771    | 58.97     | 0.04625   | 6.096     | 12.25     | 15.62     | 131.7     | 1.65e+03  | 1.65      | 0.7224    | 7.496e-05 |
kupiec result: Reject the null hypothesis. Default count: 11
| 298       | -0.03642  | 93.17     | 0.4459    | 65.54     | 0.0597    | 17.12     | 14.89     | 4.352     | 88.45     | 1.805e+03 | 2.128     | 0.01649   | 9.164e-05 |
kupiec result: Reject the null hypothesis. Default count: 9
| 299       | -0.04798  | 56.28     | 0.2257    | 66.36     | 0.07135   | 24.91     | 7.705     | 2.373     | 152.8     | 1.191e+03 | 2.207     | 0.1772    | 6.211e-05 |
kupiec result: Reject the null hypothesis. Default count: 20
| 300       | -0.01561  | 99.32     | 0.08065   | 99.32     | 0.07866   | 6.064     | 13.75     | 8.458     | 62.69     | 1.726e+03 | 3.629     | 0.1515    | 6.501e-05 |
kupiec result: Reject the null hypothesis. Default count: 1
| 301       | -0.09422  | 4.533     | 0.2374    | 93.91     | 0.0497    | 26.36     | 3.939     | 8.237     | 187.8     | 1.431e+03 | 1.256     | 0.4742    | 1.323e-05 |
kupiec result: Reject the null hypothesis. Default count: 3
| 302       | -0.08266  | 58.38     | 0.4402    | 76.78     | 0.06141   | 9.895     | 7.609     | 17.88     | 127.8     | 1.204e+03 | 1.584     | 0.2247    | 9.814e-05 |
kupiec result: Reject the null hypothesis. Default count: 17
| 303       | -0.001734 | 180.1     | 0.3035    | 21.14     | 0.08638   | 5.993     | 2.926     | 11.02     | 131.0     | 1.475e+03 | 1.075     | 0.09066   | 5.858e-05 |
kupiec result: Reject the null hypothesis. Default count: 13
| 304       | -0.02486  | 171.5     | 0.1517    | 100.6     | 0.03743   | 24.91     | 8.609     | 10.44     | 69.73     | 1.275e+03 | 2.229     | 0.2384    | 5.982e-06 |
kupiec result: Reject the null hypothesis. Default count: 41
| 305       | -0.137    | 125.2     | 0.06992   | 76.56     | 0.09825   | 29.29     | 8.123     | 4.886     | 123.4     | 988.8     | 1.44      | 0.2243    | 4.735e-05 |
kupiec result: Reject the null hypothesis. Default count: 19
| 306       | -0.009827 | 108.7     | 0.446     | 86.83     | 0.08547   | 14.03     | 6.54      | 19.5      | 57.54     | 1.583e+03 | 3.71      | 0.1199    | 2.443e-05 |
kupiec result: Reject the null hypothesis. Default count: 18
| 307       | -0.004046 | 141.0     | 0.4612    | 102.7     | 0.03585   | 15.39     | 1.108     | 12.18     | 142.2     | 1.468e+03 | 3.535     | 0.2467    | 4.305e-05 |
kupiec result: Reject the null hypothesis. Default count: 18
| 308       | -0.004046 | 100.0     | 0.02533   | 56.21     | 0.03513   | 7.895     | 5.657     | 19.95     | 83.76     | 1.953e+03 | 2.401     | 0.329     | 8.725e-05 |
kupiec result: Reject the null hypothesis. Default count: 11
| 309       | -0.03642  | 157.5     | 0.1153    | 112.5     | 0.06877   | 17.18     | 8.815     | 5.935     | 100.4     | 1.155e+03 | 3.017     | 0.2074    | 6.481e-05 |
kupiec result: Reject the null hypothesis. Default count: 15
| 310       | -0.01329  | 162.0     | 0.255     | 69.75     | 0.009223  | 21.66     | 11.43     | 11.86     | 86.32     | 1.444e+03 | 3.511     | 0.6239    | 6.997e-05 |
kupiec result: Reject the null hypothesis. Default count: 21
| 311       | -0.02139  | 85.61     | 0.1674    | 52.16     | 0.006745  | 29.22     | 5.073     | 4.25      | 167.6     | 1.593e+03 | 3.334     | 0.8329    | 5.465e-05 |
kupiec result: Reject the null hypothesis. Default count: 23
| 312       | -0.03295  | 208.5     | 0.4723    | 54.51     | 0.0176    | 14.41     | 5.131     | 17.48     | 171.1     | 1.268e+03 | 1.18      | 0.4969    | 5.005e-05 |
kupiec result: Reject the null hypothesis. Default count: 6
| 313       | -0.06532  | 99.59     | 0.2399    | 17.01     | 0.07572   | 25.06     | 8.183     | 6.684     | 195.3     | 1.081e+03 | 1.344     | 0.3655    | 7.169e-06 |
kupiec result: Reject the null hypothesis. Default count: 0
| 314       | -0.1      | 222.0     | 0.04879   | 118.6     | 0.07289   | 22.31     | 4.031     | 4.616     | 77.22     | 846.0     | 1.426     | 0.6797    | 7.772e-05 |
kupiec result: Reject the null hypothesis. Default count: 21
| 315       | -0.02139  | 141.2     | 0.1006    | 44.37     | 0.01806   | 11.51     | 7.579     | 11.25     | 83.16     | 933.9     | 2.537     | 0.6021    | 4.24e-05  |
kupiec result: Reject the null hypothesis. Default count: 6
| 316       | -0.06532  | 67.94     | 0.3743    | 45.1      | 0.002818  | 18.33     | 4.408     | 8.593     | 123.9     | 1.419e+03 | 2.622     | 0.3592    | 3.188e-05 |
kupiec result: Reject the null hypothesis. Default count: 43
| 317       | -0.1486   | 86.72     | 0.464     | 95.16     | 0.02086   | 28.87     | 8.26      | 12.13     | 101.8     | 1.352e+03 | 1.284     | 0.4673    | 6.672e-05 |
kupiec result: Reject the null hypothesis. Default count: 3
| 318       | -0.08266  | 83.05     | 0.4432    | 111.9     | 0.01365   | 20.39     | 14.95     | 13.75     | 75.0      | 551.1     | 1.22      | 0.2883    | 3.831e-05 |
kupiec result: Reject the null hypothesis. Default count: 6
| 319       | -0.06532  | 201.5     | 0.4185    | 44.47     | 0.06103   | 25.11     | 10.31     | 17.43     | 194.6     | 1.939e+03 | 1.493     | 0.6626    | 7.622e-05 |
kupiec result: Reject the null hypothesis. Default count: 10
| 320       | -0.0422   | 194.4     | 0.1793    | 36.12     | 0.03393   | 28.39     | 8.649     | 7.628     | 152.7     | 1.516e+03 | 2.199     | 0.9516    | 3.835e-06 |
kupiec result: Reject the null hypothesis. Default count: 20
| 321       | -0.01561  | 187.8     | 0.4284    | 76.89     | 0.09118   | 12.49     | 10.61     | 14.35     | 189.6     | 841.9     | 3.149     | 0.1866    | 8.722e-05 |
kupiec result: Reject the null hypothesis. Default count: 8
| 322       | -0.05376  | 30.27     | 0.08905   | 55.36     | 0.09939   | 6.877     | 7.271     | 19.7      | 177.8     | 1.277e+03 | 3.735     | 0.9818    | 4.046e-05 |
kupiec result: Reject the null hypothesis. Default count: 12
| 323       | -0.03064  | 124.6     | 0.4204    | 48.27     | 0.002021  | 23.41     | 4.421     | 9.29      | 77.91     | 1.3e+03   | 3.192     | 0.2876    | 7.949e-05 |
kupiec result: Reject the null hypothesis. Default count: 14
| 324       | -0.01908  | 45.55     | 0.3793    | 32.39     | 0.0018    | 23.91     | 6.671     | 11.27     | 106.4     | 993.8     | 2.705     | 0.1087    | 5.071e-05 |
kupiec result: Reject the null hypothesis. Default count: 24
| 325       | -0.03873  | 220.7     | 0.3978    | 123.0     | 0.02128   | 8.509     | 6.68      | 6.373     | 143.0     | 613.0     | 1.275     | 0.1322    | 8.93e-05  |
kupiec result: Reject the null hypothesis. Default count: 18
| 326       | -0.004046 | 190.1     | 0.3439    | 30.29     | 0.02243   | 9.92      | 7.297     | 16.35     | 102.9     | 1.171e+03 | 1.767     | 0.5932    | 2.017e-05 |
kupiec result: Reject the null hypothesis. Default count: 17
| 327       | -0.001734 | 134.3     | 0.3877    | 122.3     | 0.02701   | 22.36     | 5.566     | 16.36     | 169.1     | 1.92e+03  | 1.209     | 0.002018  | 6.243e-05 |
kupiec result: Reject the null hypothesis. Default count: 21
| 328       | -0.02139  | 130.1     | 0.2581    | 10.6      | 0.08764   | 15.25     | 11.8      | 4.41      | 134.8     | 1.21e+03  | 3.405     | 0.3926    | 3.41e-05  |
kupiec result: Reject the null hypothesis. Default count: 1
| 329       | -0.09422  | 26.08     | 0.2214    | 89.65     | 0.06776   | 5.231     | 8.283     | 11.18     | 144.4     | 1.717e+03 | 1.249     | 0.2008    | 6.714e-05 |
kupiec result: Reject the null hypothesis. Default count: 16
| 330       | -0.007514 | 242.6     | 0.4423    | 108.0     | 0.04647   | 8.837     | 10.24     | 9.045     | 146.6     | 1.561e+03 | 3.508     | 0.9691    | 4.523e-05 |
=========================================================================================================================================================================
{'target': np.float64(-0.0017341040462427737), 'params': {'batch_size': np.float64(176.99823377575908), 'dropout': np.float64(0.41731283594868646), 'hidden_size': np.float64(6.267746390679784), 'lr': np.float64(0.07503941706300225), 'max_depth': np.float64(29.721527222662367), 'min_samples_leaf': np.float64(11.474319161317752), 'min_samples_split': np.float64(7.047991857159293), 'n_estimators': np.float64(168.39189926772326), 'n_iter': np.float64(654.839009866463), 'num_layers': np.float64(2.3436805785277155), 'tau': np.float64(0.9085955030930956), 'tol': np.float64(3.0067800688994272e-05)}}
0 times prediction finished! loss:
1 times prediction finished! loss:
2 times prediction finished! loss:
3 times prediction finished! loss:
4 times prediction finished! loss:
5 times prediction finished! loss:
6 times prediction finished! loss:
7 times prediction finished! loss:
8 times prediction finished! loss:
9 times prediction finished! loss:
10 times prediction finished! loss:
11 times prediction finished! loss:
12 times prediction finished! loss:
13 times prediction finished! loss:
14 times prediction finished! loss:
15 times prediction finished! loss:
16 times prediction finished! loss:
17 times prediction finished! loss:
18 times prediction finished! loss:
19 times prediction finished! loss:
20 times prediction finished! loss:
21 times prediction finished! loss:
22 times prediction finished! loss:
23 times prediction finished! loss:
24 times prediction finished! loss:
25 times prediction finished! loss:
26 times prediction finished! loss:
27 times prediction finished! loss:
28 times prediction finished! loss:
29 times prediction finished! loss:
30 times prediction finished! loss:
31 times prediction finished! loss:
32 times prediction finished! loss:
33 times prediction finished! loss:
34 times prediction finished! loss:
35 times prediction finished! loss:
36 times prediction finished! loss:
37 times prediction finished! loss:
38 times prediction finished! loss:
39 times prediction finished! loss:
40 times prediction finished! loss:
41 times prediction finished! loss:
42 times prediction finished! loss:
43 times prediction finished! loss:
44 times prediction finished! loss:
45 times prediction finished! loss:
46 times prediction finished! loss:
47 times prediction finished! loss:
48 times prediction finished! loss:
49 times prediction finished! loss:
50 times prediction finished! loss:
51 times prediction finished! loss:
52 times prediction finished! loss:
53 times prediction finished! loss:
54 times prediction finished! loss:
55 times prediction finished! loss:
56 times prediction finished! loss:
57 times prediction finished! loss:
58 times prediction finished! loss:
59 times prediction finished! loss:
60 times prediction finished! loss:
61 times prediction finished! loss:
62 times prediction finished! loss:
63 times prediction finished! loss:
64 times prediction finished! loss:
65 times prediction finished! loss:
66 times prediction finished! loss:
67 times prediction finished! loss:
68 times prediction finished! loss:
69 times prediction finished! loss:
70 times prediction finished! loss:
71 times prediction finished! loss:
72 times prediction finished! loss:
73 times prediction finished! loss:
74 times prediction finished! loss:
75 times prediction finished! loss:
76 times prediction finished! loss:
77 times prediction finished! loss:
78 times prediction finished! loss:
79 times prediction finished! loss:
80 times prediction finished! loss:
81 times prediction finished! loss:
82 times prediction finished! loss:
83 times prediction finished! loss:
84 times prediction finished! loss:
85 times prediction finished! loss:
86 times prediction finished! loss:
87 times prediction finished! loss:
88 times prediction finished! loss:
89 times prediction finished! loss:
90 times prediction finished! loss:
91 times prediction finished! loss:
92 times prediction finished! loss:
93 times prediction finished! loss:
94 times prediction finished! loss:
95 times prediction finished! loss:
96 times prediction finished! loss:
97 times prediction finished! loss:
98 times prediction finished! loss:
99 times prediction finished! loss:
100 times prediction finished! loss:
101 times prediction finished! loss:
102 times prediction finished! loss:
103 times prediction finished! loss:
104 times prediction finished! loss:
105 times prediction finished! loss:
106 times prediction finished! loss:
107 times prediction finished! loss:
108 times prediction finished! loss:
109 times prediction finished! loss:
110 times prediction finished! loss:
111 times prediction finished! loss:
112 times prediction finished! loss:
113 times prediction finished! loss:
114 times prediction finished! loss:
115 times prediction finished! loss:
116 times prediction finished! loss:
117 times prediction finished! loss:
118 times prediction finished! loss:
119 times prediction finished! loss:
120 times prediction finished! loss:
121 times prediction finished! loss:
122 times prediction finished! loss:
123 times prediction finished! loss:
124 times prediction finished! loss:
125 times prediction finished! loss:
126 times prediction finished! loss:
127 times prediction finished! loss:
128 times prediction finished! loss:
129 times prediction finished! loss:
130 times prediction finished! loss:
131 times prediction finished! loss:
132 times prediction finished! loss:
133 times prediction finished! loss:
134 times prediction finished! loss:
135 times prediction finished! loss:
136 times prediction finished! loss:
137 times prediction finished! loss:
138 times prediction finished! loss:
139 times prediction finished! loss:
140 times prediction finished! loss:
141 times prediction finished! loss:
142 times prediction finished! loss:
143 times prediction finished! loss:
144 times prediction finished! loss:
145 times prediction finished! loss:
146 times prediction finished! loss:
147 times prediction finished! loss:
148 times prediction finished! loss:
149 times prediction finished! loss:
150 times prediction finished! loss:
151 times prediction finished! loss:
152 times prediction finished! loss:
153 times prediction finished! loss:
154 times prediction finished! loss:
155 times prediction finished! loss:
156 times prediction finished! loss:
157 times prediction finished! loss:
158 times prediction finished! loss:
159 times prediction finished! loss:
160 times prediction finished! loss:
161 times prediction finished! loss:
162 times prediction finished! loss:
163 times prediction finished! loss:
164 times prediction finished! loss:
165 times prediction finished! loss:
166 times prediction finished! loss:
167 times prediction finished! loss:
168 times prediction finished! loss:
169 times prediction finished! loss:
170 times prediction finished! loss:
171 times prediction finished! loss:
172 times prediction finished! loss:
173 times prediction finished! loss:
174 times prediction finished! loss:
175 times prediction finished! loss:
176 times prediction finished! loss:
177 times prediction finished! loss:
178 times prediction finished! loss:
179 times prediction finished! loss:
180 times prediction finished! loss:
181 times prediction finished! loss:
182 times prediction finished! loss:
183 times prediction finished! loss:
184 times prediction finished! loss:
185 times prediction finished! loss:
186 times prediction finished! loss:
187 times prediction finished! loss:
188 times prediction finished! loss:
189 times prediction finished! loss:
190 times prediction finished! loss:
191 times prediction finished! loss:
192 times prediction finished! loss:
193 times prediction finished! loss:
194 times prediction finished! loss:
195 times prediction finished! loss:
196 times prediction finished! loss:
197 times prediction finished! loss:
198 times prediction finished! loss:
199 times prediction finished! loss:
200 times prediction finished! loss:
201 times prediction finished! loss:
202 times prediction finished! loss:
203 times prediction finished! loss:
204 times prediction finished! loss:
205 times prediction finished! loss:
206 times prediction finished! loss:
207 times prediction finished! loss:
208 times prediction finished! loss:
209 times prediction finished! loss:
210 times prediction finished! loss:
211 times prediction finished! loss:
212 times prediction finished! loss:
213 times prediction finished! loss:
214 times prediction finished! loss:
215 times prediction finished! loss:
216 times prediction finished! loss:
217 times prediction finished! loss:
218 times prediction finished! loss:
219 times prediction finished! loss:
220 times prediction finished! loss:
221 times prediction finished! loss:
222 times prediction finished! loss:
223 times prediction finished! loss:
224 times prediction finished! loss:
225 times prediction finished! loss:
226 times prediction finished! loss:
227 times prediction finished! loss:
228 times prediction finished! loss:
229 times prediction finished! loss:
230 times prediction finished! loss:
231 times prediction finished! loss:
232 times prediction finished! loss:
233 times prediction finished! loss:
234 times prediction finished! loss:
235 times prediction finished! loss:
236 times prediction finished! loss:
237 times prediction finished! loss:
238 times prediction finished! loss:
239 times prediction finished! loss:
240 times prediction finished! loss:
241 times prediction finished! loss:
242 times prediction finished! loss:
243 times prediction finished! loss:
