| 185       | -0.3451   | 54.59     | 0.337     | 125.7     | 0.09337   | 19.81     | 9.509     | 19.96     | 183.4     | 980.6     | 3.355     | 0.3192    | 8.67e-05  |
kupiec result: Reject the null hypothesis. Default count: 19
| 186       | -0.009827 | 109.4     | 0.09427   | 23.99     | 0.04801   | 22.36     | 5.264     | 10.64     | 56.45     | 1.075e+03 | 2.92      | 0.3386    | 7.253e-05 |
kupiec result: Reject the null hypothesis. Default count: 8
| 187       | -0.05376  | 126.9     | 0.3718    | 88.94     | 0.09865   | 23.7      | 8.252     | 6.366     | 91.97     | 1.87e+03  | 1.589     | 0.3986    | 6.935e-05 |
kupiec result: Reject the null hypothesis. Default count: 19
| 188       | -0.009827 | 231.0     | 0.3168    | 13.09     | 0.02177   | 22.51     | 12.74     | 3.414     | 59.48     | 1.588e+03 | 1.77      | 0.7857    | 8.643e-06 |
kupiec result: Reject the null hypothesis. Default count: 23
| 189       | -0.03295  | 98.7      | 0.2559    | 61.04     | 0.08083   | 15.07     | 8.865     | 3.1       | 57.15     | 1.219e+03 | 1.237     | 0.7319    | 3.37e-05  |
kupiec result: Reject the null hypothesis. Default count: 18
| 190       | -0.004046 | 136.2     | 0.4041    | 103.6     | 0.06166   | 10.63     | 5.912     | 16.25     | 118.7     | 704.4     | 2.664     | 0.2681    | 6.894e-05 |
kupiec result: Reject the null hypothesis. Default count: 20
| 191       | -0.01561  | 199.9     | 0.1023    | 107.0     | 0.09387   | 19.52     | 8.8       | 15.02     | 94.64     | 1.586e+03 | 2.133     | 0.9918    | 7.901e-05 |
kupiec result: Reject the null hypothesis. Default count: 17
| 192       | -0.001734 | 154.3     | 0.2087    | 124.5     | 0.0004034 | 14.21     | 2.207     | 6.303     | 51.2      | 1.22e+03  | 1.954     | 0.2387    | 5.013e-05 |
kupiec result: Reject the null hypothesis. Default count: 0
| 193       | -0.1      | 239.0     | 0.02656   | 101.4     | 0.07415   | 18.78     | 2.615     | 7.732     | 160.2     | 1.9e+03   | 1.346     | 0.2318    | 3.629e-05 |
kupiec result: Reject the null hypothesis. Default count: 3
| 194       | -0.08266  | 19.07     | 0.3821    | 84.21     | 0.0153    | 28.81     | 3.416     | 9.739     | 182.0     | 967.5     | 3.769     | 0.954     | 3.662e-05 |
kupiec result: Reject the null hypothesis. Default count: 16
| 195       | -0.007514 | 246.0     | 0.2234    | 22.58     | 0.04054   | 18.62     | 5.615     | 10.87     | 146.5     | 516.0     | 1.343     | 0.4552    | 5.161e-05 |
kupiec result: Reject the null hypothesis. Default count: 14
| 196       | -0.01908  | 223.4     | 0.4489    | 105.5     | 0.01275   | 27.55     | 6.366     | 2.994     | 78.43     | 1.762e+03 | 3.706     | 0.1154    | 1.009e-05 |
kupiec result: Reject the null hypothesis. Default count: 16
| 197       | -0.007514 | 177.0     | 0.2566    | 118.4     | 0.01223   | 21.23     | 6.116     | 11.0      | 100.0     | 1.507e+03 | 1.38      | 0.05183   | 5.264e-05 |
kupiec result: Reject the null hypothesis. Default count: 26
| 198       | -0.05029  | 28.41     | 0.4245    | 67.32     | 0.08452   | 23.82     | 12.13     | 4.844     | 167.8     | 1.567e+03 | 1.701     | 0.8972    | 7.217e-05 |
kupiec result: Reject the null hypothesis. Default count: 8
| 199       | -0.05376  | 227.0     | 0.4762    | 70.86     | 0.06382   | 25.63     | 5.727     | 2.937     | 140.7     | 1.628e+03 | 1.082     | 0.1655    | 1.433e-05 |
kupiec result: Reject the null hypothesis. Default count: 15
| 200       | -0.01329  | 94.35     | 0.004735  | 59.95     | 0.07344   | 28.84     | 14.51     | 13.01     | 113.6     | 1.059e+03 | 1.527     | 0.9431    | 9.755e-05 |
kupiec result: Reject the null hypothesis. Default count: 6
| 201       | -0.06532  | 236.2     | 0.3996    | 89.28     | 0.08926   | 11.58     | 1.841     | 3.189     | 196.9     | 519.3     | 2.188     | 0.8156    | 1.288e-05 |
kupiec result: Reject the null hypothesis. Default count: 19
| 202       | -0.009827 | 63.78     | 0.4493    | 33.97     | 0.0608    | 20.99     | 6.391     | 14.1      | 74.25     | 636.9     | 1.67      | 0.4563    | 9.803e-05 |
kupiec result: Reject the null hypothesis. Default count: 25
| 203       | -0.04451  | 166.5     | 0.07535   | 115.7     | 0.04581   | 28.22     | 3.903     | 11.77     | 82.41     | 1.56e+03  | 1.683     | 0.9005    | 1.529e-05 |
kupiec result: Reject the null hypothesis. Default count: 0
| 204       | -0.1      | 85.98     | 0.08769   | 112.4     | 0.08512   | 9.31      | 8.026     | 13.91     | 55.23     | 956.7     | 1.109     | 0.2454    | 7.059e-05 |
kupiec result: Reject the null hypothesis. Default count: 0
| 205       | -0.1      | 181.2     | 0.04578   | 110.3     | 0.06712   | 29.95     | 6.407     | 5.517     | 66.94     | 570.1     | 1.694     | 0.7176    | 9.933e-05 |
kupiec result: Reject the null hypothesis. Default count: 16
| 206       | -0.007514 | 199.6     | 0.09019   | 40.27     | 0.01417   | 25.25     | 14.41     | 16.91     | 196.0     | 1.94e+03  | 2.384     | 0.856     | 5.798e-05 |
kupiec result: Reject the null hypothesis. Default count: 3
| 207       | -0.08266  | 7.32      | 0.163     | 84.21     | 0.001268  | 28.19     | 11.82     | 13.94     | 181.4     | 1.209e+03 | 2.337     | 0.5814    | 1.068e-05 |
kupiec result: Reject the null hypothesis. Default count: 8
| 208       | -0.05376  | 57.84     | 0.1718    | 93.14     | 0.05984   | 8.935     | 3.907     | 4.605     | 99.94     | 614.8     | 2.355     | 0.8798    | 8.047e-05 |
kupiec result: Reject the null hypothesis. Default count: 11
| 209       | -0.03642  | 7.546     | 0.2545    | 43.4      | 0.02717   | 25.12     | 4.05      | 2.808     | 174.1     | 1.105e+03 | 3.775     | 0.8428    | 7.009e-05 |
kupiec result: Reject the null hypothesis. Default count: 4
| 210       | -0.07688  | 40.89     | 0.4131    | 48.15     | 0.08633   | 13.08     | 6.17      | 12.26     | 123.2     | 1.746e+03 | 2.049     | 0.8358    | 4.51e-05  |
kupiec result: Reject the null hypothesis. Default count: 12
| 211       | -0.03064  | 68.63     | 0.4411    | 67.28     | 0.007592  | 25.54     | 1.591     | 4.738     | 104.3     | 558.4     | 1.594     | 0.8453    | 8.652e-05 |
kupiec result: Reject the null hypothesis. Default count: 1
| 212       | -0.09422  | 97.93     | 0.3181    | 101.5     | 0.02798   | 19.46     | 5.743     | 3.63      | 143.5     | 1.044e+03 | 1.484     | 0.4503    | 1.694e-05 |
kupiec result: Reject the null hypothesis. Default count: 0
| 213       | -0.1      | 224.6     | 0.4196    | 124.4     | 0.07421   | 6.702     | 7.003     | 15.38     | 143.8     | 1.823e+03 | 1.354     | 0.605     | 6.783e-05 |
kupiec result: Reject the null hypothesis. Default count: 10
| 214       | -0.0422   | 253.4     | 0.02838   | 69.09     | 0.05407   | 28.5      | 11.65     | 4.041     | 151.5     | 1.316e+03 | 2.944     | 0.2608    | 1.483e-05 |
kupiec result: Reject the null hypothesis. Default count: 0
| 215       | -0.1      | 97.06     | 0.1724    | 52.87     | 0.06007   | 21.41     | 13.6      | 11.77     | 99.46     | 1.173e+03 | 3.967     | 0.01412   | 6.677e-05 |
kupiec result: Reject the null hypothesis. Default count: 20
| 216       | -0.01561  | 169.4     | 0.1021    | 29.56     | 0.07786   | 20.83     | 10.75     | 12.89     | 135.8     | 1.823e+03 | 2.931     | 0.294     | 9.89e-05  |
kupiec result: Reject the null hypothesis. Default count: 4
| 217       | -0.07688  | 42.46     | 0.3731    | 114.4     | 0.04404   | 20.84     | 2.662     | 18.08     | 95.46     | 1.358e+03 | 1.122     | 0.377     | 1.501e-05 |
kupiec result: Reject the null hypothesis. Default count: 43
| 218       | -0.1486   | 95.95     | 0.3906    | 70.77     | 0.0224    | 20.48     | 7.291     | 19.74     | 121.9     | 1.95e+03  | 2.892     | 0.7289    | 3.258e-05 |
kupiec result: Reject the null hypothesis. Default count: 11
| 219       | -0.03642  | 104.2     | 0.08955   | 84.27     | 0.07528   | 7.313     | 9.885     | 8.799     | 194.1     | 1.788e+03 | 2.939     | 0.1552    | 7.279e-05 |
kupiec result: Reject the null hypothesis. Default count: 17
| 220       | -0.001734 | 172.2     | 0.05422   | 27.01     | 0.0002342 | 20.16     | 14.02     | 7.408     | 101.4     | 580.9     | 2.793     | 0.233     | 7.509e-05 |
kupiec result: Reject the null hypothesis. Default count: 21
| 221       | -0.02139  | 230.0     | 0.1609    | 13.17     | 0.06802   | 5.06      | 11.89     | 13.35     | 164.9     | 1.312e+03 | 2.044     | 0.5802    | 8.151e-05 |
kupiec result: Reject the null hypothesis. Default count: 7
| 222       | -0.05954  | 143.2     | 0.08928   | 58.17     | 0.07491   | 22.34     | 12.1      | 12.31     | 80.95     | 1.626e+03 | 2.598     | 0.4001    | 6.812e-05 |
kupiec result: Reject the null hypothesis. Default count: 12
| 223       | -0.03064  | 192.9     | 0.24      | 97.74     | 0.004982  | 17.15     | 8.07      | 14.51     | 196.4     | 1.213e+03 | 2.078     | 0.7991    | 3.785e-05 |
kupiec result: Reject the null hypothesis. Default count: 3
| 224       | -0.08266  | 57.24     | 0.00694   | 48.71     | 0.0635    | 20.08     | 4.506     | 15.74     | 136.8     | 991.7     | 1.489     | 0.6094    | 8.494e-05 |
kupiec result: Reject the null hypothesis. Default count: 17
| 225       | -0.001734 | 250.3     | 0.09108   | 70.42     | 0.04507   | 6.346     | 12.69     | 3.773     | 67.18     | 594.0     | 3.364     | 0.1935    | 8.817e-05 |
kupiec result: Reject the null hypothesis. Default count: 11
| 226       | -0.03642  | 165.0     | 0.03709   | 51.04     | 0.05497   | 18.78     | 13.17     | 10.3      | 63.82     | 1.284e+03 | 2.311     | 0.9555    | 6.64e-05  |
kupiec result: Reject the null hypothesis. Default count: 55
| 227       | -0.2179   | 29.32     | 0.3782    | 100.9     | 0.05191   | 20.84     | 14.02     | 9.597     | 129.2     | 1.984e+03 | 1.907     | 0.7373    | 1.977e-05 |
kupiec result: Reject the null hypothesis. Default count: 11
| 228       | -0.03642  | 38.36     | 0.2095    | 10.9      | 0.06352   | 21.33     | 11.16     | 14.12     | 94.62     | 1.555e+03 | 3.233     | 0.8533    | 9.476e-05 |
kupiec result: Reject the null hypothesis. Default count: 24
| 229       | -0.03873  | 76.18     | 0.3783    | 59.43     | 0.09859   | 19.99     | 6.931     | 7.422     | 108.5     | 1.54e+03  | 2.267     | 0.4179    | 4.135e-05 |
kupiec result: Reject the null hypothesis. Default count: 13
| 230       | -0.02486  | 214.4     | 0.2749    | 84.15     | 0.08995   | 16.35     | 13.51     | 17.09     | 119.0     | 562.5     | 1.812     | 0.4973    | 3.344e-05 |
kupiec result: Reject the null hypothesis. Default count: 10
| 231       | -0.0422   | 74.3      | 0.4127    | 69.18     | 0.05244   | 25.62     | 14.72     | 2.884     | 179.1     | 901.3     | 1.998     | 0.2481    | 8.824e-05 |
kupiec result: Reject the null hypothesis. Default count: 23
| 232       | -0.03295  | 55.36     | 0.09918   | 34.6      | 0.06178   | 13.49     | 8.522     | 7.658     | 147.2     | 1.934e+03 | 2.868     | 0.2023    | 3.338e-06 |
kupiec result: Reject the null hypothesis. Default count: 25
| 233       | -0.04451  | 186.1     | 0.01852   | 88.25     | 0.01828   | 8.871     | 13.76     | 13.42     | 57.52     | 1.971e+03 | 3.39      | 0.4622    | 2.344e-05 |
kupiec result: Reject the null hypothesis. Default count: 1
| 234       | -0.09422  | 4.799     | 0.161     | 5.424     | 0.04024   | 24.71     | 11.1      | 4.282     | 88.54     | 1.771e+03 | 3.508     | 0.1305    | 4.511e-05 |
kupiec result: Reject the null hypothesis. Default count: 18
| 235       | -0.004046 | 77.1      | 0.1695    | 23.76     | 0.05592   | 11.75     | 3.539     | 11.63     | 54.76     | 1.474e+03 | 3.137     | 0.5658    | 3.946e-06 |
kupiec result: Reject the null hypothesis. Default count: 14
| 236       | -0.01908  | 58.52     | 0.2205    | 90.51     | 0.01864   | 25.69     | 11.72     | 12.82     | 73.88     | 671.0     | 1.204     | 0.1798    | 3.806e-05 |
kupiec result: Reject the null hypothesis. Default count: 12
| 237       | -0.03064  | 249.5     | 0.2388    | 15.46     | 0.05315   | 18.62     | 3.998     | 15.13     | 123.4     | 811.5     | 3.262     | 0.8105    | 9.534e-06 |
kupiec result: Reject the null hypothesis. Default count: 1
| 238       | -0.09422  | 70.96     | 0.1421    | 99.85     | 0.06222   | 17.71     | 9.784     | 14.36     | 127.9     | 1.358e+03 | 3.152     | 0.9985    | 6.649e-05 |
kupiec result: Reject the null hypothesis. Default count: 0
| 239       | -0.1      | 112.1     | 0.02705   | 114.2     | 0.07269   | 19.6      | 14.06     | 12.4      | 115.4     | 765.0     | 1.644     | 0.7105    | 4.311e-05 |
kupiec result: Reject the null hypothesis. Default count: 15
| 240       | -0.01329  | 87.6      | 0.2066    | 63.9      | 0.03506   | 24.43     | 6.986     | 11.68     | 130.9     | 1.983e+03 | 1.352     | 0.09896   | 4.229e-05 |
kupiec result: Reject the null hypothesis. Default count: 19
| 241       | -0.009827 | 251.9     | 0.07047   | 69.85     | 0.01416   | 6.656     | 12.16     | 11.53     | 111.7     | 1.614e+03 | 1.865     | 0.1311    | 9.356e-05 |
kupiec result: Reject the null hypothesis. Default count: 15
| 242       | -0.01329  | 196.1     | 0.4927    | 59.11     | 0.01968   | 24.27     | 5.792     | 17.92     | 111.7     | 1.196e+03 | 3.395     | 0.7049    | 6.013e-05 |
kupiec result: Reject the null hypothesis. Default count: 10
| 243       | -0.0422   | 110.0     | 0.0917    | 53.41     | 0.03821   | 23.58     | 5.082     | 9.918     | 119.3     | 1.905e+03 | 3.86      | 0.8426    | 8.432e-05 |
kupiec result: Reject the null hypothesis. Default count: 19
| 244       | -0.009827 | 227.0     | 0.06162   | 96.72     | 0.02602   | 6.196     | 7.726     | 19.17     | 180.7     | 1.881e+03 | 3.799     | 0.375     | 2.648e-05 |
kupiec result: Reject the null hypothesis. Default count: 12
| 245       | -0.03064  | 207.6     | 0.4487    | 79.55     | 0.04401   | 29.44     | 3.768     | 14.38     | 99.94     | 713.6     | 3.1       | 0.08245   | 3.258e-05 |
kupiec result: Reject the null hypothesis. Default count: 14
| 246       | -0.01908  | 54.03     | 0.2175    | 36.31     | 0.08937   | 15.48     | 1.646     | 8.54      | 135.6     | 1.33e+03  | 1.423     | 0.4669    | 3.91e-05  |
kupiec result: Reject the null hypothesis. Default count: 12
| 247       | -0.03064  | 235.5     | 0.1186    | 122.6     | 0.02087   | 23.88     | 13.47     | 10.16     | 188.6     | 638.9     | 2.094     | 0.9515    | 7.858e-05 |
kupiec result: Reject the null hypothesis. Default count: 4
| 248       | -0.07688  | 70.85     | 0.4614    | 106.0     | 0.09077   | 27.62     | 14.45     | 14.07     | 129.2     | 869.8     | 2.892     | 0.4941    | 9.309e-05 |
kupiec result: Reject the null hypothesis. Default count: 16
| 249       | -0.007514 | 65.04     | 0.03392   | 72.88     | 0.06115   | 15.6      | 1.085     | 8.758     | 83.7      | 1.735e+03 | 3.882     | 0.6406    | 8.225e-05 |
kupiec result: Reject the null hypothesis. Default count: 16
| 250       | -0.007514 | 42.89     | 0.3992    | 32.05     | 0.03026   | 11.86     | 1.286     | 2.392     | 140.1     | 1.865e+03 | 2.032     | 0.232     | 6.964e-05 |
kupiec result: Reject the null hypothesis. Default count: 11
| 251       | -0.03642  | 170.3     | 0.278     | 28.73     | 0.06308   | 21.52     | 9.43      | 16.51     | 181.2     | 980.0     | 3.461     | 0.5866    | 4.297e-05 |
kupiec result: Reject the null hypothesis. Default count: 15
| 252       | -0.01329  | 212.5     | 0.1652    | 117.5     | 0.04544   | 21.67     | 1.512     | 19.32     | 165.7     | 1.79e+03  | 3.316     | 0.394     | 2.155e-05 |
kupiec result: Reject the null hypothesis. Default count: 16
| 253       | -0.007514 | 189.0     | 0.294     | 55.12     | 0.07161   | 16.43     | 4.188     | 9.858     | 197.6     | 614.8     | 2.451     | 0.2708    | 4.975e-05 |
kupiec result: Reject the null hypothesis. Default count: 6
| 254       | -0.06532  | 39.68     | 0.2024    | 48.9      | 0.08041   | 23.0      | 13.41     | 10.41     | 90.23     | 861.7     | 3.709     | 0.9905    | 1.797e-06 |
kupiec result: Reject the null hypothesis. Default count: 20
| 255       | -0.01561  | 93.58     | 0.4291    | 55.85     | 0.01164   | 6.624     | 11.29     | 18.2      | 154.4     | 1.489e+03 | 2.515     | 0.7807    | 3.991e-05 |
kupiec result: Reject the null hypothesis. Default count: 8
| 256       | -0.05376  | 24.71     | 0.1348    | 55.86     | 0.0246    | 27.7      | 2.794     | 15.5      | 99.75     | 1.666e+03 | 1.865     | 0.9122    | 4.607e-05 |
kupiec result: Reject the null hypothesis. Default count: 14
| 257       | -0.01908  | 228.1     | 0.2776    | 48.98     | 0.0762    | 23.37     | 13.9      | 6.099     | 102.5     | 671.7     | 1.673     | 0.3495    | 2.781e-05 |
kupiec result: Reject the null hypothesis. Default count: 13
| 258       | -0.02486  | 18.67     | 0.05024   | 42.33     | 0.02925   | 20.76     | 4.327     | 8.751     | 80.51     | 778.5     | 1.78      | 0.04414   | 8.412e-05 |
kupiec result: Reject the null hypothesis. Default count: 0
| 259       | -0.1      | 233.4     | 0.2639    | 45.29     | 0.07324   | 11.32     | 5.603     | 14.33     | 51.94     | 879.6     | 2.828     | 0.04342   | 9.206e-05 |
kupiec result: Reject the null hypothesis. Default count: 20
| 260       | -0.01561  | 213.7     | 0.3919    | 38.92     | 0.08124   | 29.12     | 11.36     | 11.01     | 55.62     | 1.625e+03 | 3.156     | 0.3917    | 7.929e-05 |
kupiec result: Reject the null hypothesis. Default count: 17
| 261       | -0.001734 | 227.2     | 0.1537    | 79.25     | 0.06048   | 5.977     | 7.155     | 18.72     | 96.02     | 1.339e+03 | 3.326     | 0.7478    | 6.502e-06 |
kupiec result: Reject the null hypothesis. Default count: 2
| 262       | -0.08844  | 73.52     | 0.3482    | 104.7     | 0.06545   | 25.43     | 9.864     | 15.74     | 102.0     | 1.459e+03 | 1.346     | 0.4779    | 5.083e-05 |
kupiec result: Reject the null hypothesis. Default count: 24
| 263       | -0.03873  | 6.366     | 0.09763   | 7.83      | 0.09664   | 23.15     | 1.101     | 4.897     | 178.0     | 1.589e+03 | 1.383     | 0.4643    | 7.759e-06 |
kupiec result: Reject the null hypothesis. Default count: 15
| 264       | -0.01329  | 132.7     | 0.3926    | 64.09     | 0.04861   | 24.74     | 14.34     | 7.897     | 107.4     | 1.215e+03 | 1.529     | 0.6247    | 8.174e-06 |
kupiec result: Reject the null hypothesis. Default count: 15
| 265       | -0.01329  | 223.3     | 0.1783    | 26.43     | 0.008371  | 29.25     | 8.521     | 13.33     | 94.25     | 1.865e+03 | 1.59      | 0.5997    | 7.516e-05 |
kupiec result: Reject the null hypothesis. Default count: 13
| 266       | -0.02486  | 229.6     | 0.08761   | 24.27     | 0.01469   | 17.59     | 6.24      | 2.674     | 178.8     | 538.2     | 1.105     | 0.6796    | 1.234e-05 |
kupiec result: Reject the null hypothesis. Default count: 11
| 267       | -0.03642  | 185.5     | 0.4159    | 51.81     | 0.06259   | 21.95     | 3.769     | 10.61     | 105.8     | 1.302e+03 | 1.523     | 0.9728    | 6.592e-05 |
kupiec result: Reject the null hypothesis. Default count: 18
| 268       | -0.004046 | 180.4     | 0.4145    | 38.46     | 0.03486   | 27.96     | 13.37     | 10.6      | 101.3     | 1.831e+03 | 2.292     | 0.3596    | 4.131e-06 |
kupiec result: Reject the null hypothesis. Default count: 10
| 269       | -0.0422   | 158.2     | 0.2496    | 83.71     | 0.08447   | 7.259     | 11.07     | 3.43      | 108.7     | 1.009e+03 | 1.402     | 0.8251    | 2.003e-05 |
kupiec result: Reject the null hypothesis. Default count: 8
| 270       | -0.05376  | 10.28     | 0.3515    | 30.45     | 0.0846    | 18.61     | 1.057     | 16.42     | 172.4     | 1.825e+03 | 2.744     | 0.04658   | 3.258e-05 |
kupiec result: Reject the null hypothesis. Default count: 11
| 271       | -0.03642  | 37.24     | 0.3578    | 109.5     | 0.03329   | 23.39     | 6.236     | 13.01     | 169.1     | 1.686e+03 | 2.444     | 0.9718    | 9.631e-05 |
kupiec result: Reject the null hypothesis. Default count: 11
| 272       | -0.03642  | 96.3      | 0.1177    | 43.86     | 0.017     | 16.02     | 2.885     | 3.707     | 125.1     | 990.6     | 1.574     | 0.3281    | 5.545e-05 |
kupiec result: Reject the null hypothesis. Default count: 17
| 273       | -0.001734 | 72.07     | 0.4561    | 101.0     | 0.0228    | 21.69     | 14.47     | 6.765     | 143.9     | 1.12e+03  | 3.703     | 0.7113    | 7.905e-05 |
kupiec result: Reject the null hypothesis. Default count: 11
| 274       | -0.03642  | 32.04     | 0.1871    | 54.18     | 0.08544   | 14.41     | 11.68     | 12.02     | 69.86     | 1.294e+03 | 2.302     | 0.2644    | 6.712e-06 |
kupiec result: Reject the null hypothesis. Default count: 4
| 275       | -0.07688  | 127.8     | 0.01172   | 81.0      | 0.0658    | 26.35     | 8.862     | 12.89     | 81.93     | 1.284e+03 | 1.623     | 0.6915    | 8.304e-06 |
kupiec result: Reject the null hypothesis. Default count: 27
| 276       | -0.05607  | 201.4     | 0.4074    | 90.61     | 0.04621   | 18.83     | 7.549     | 7.073     | 198.8     | 1.934e+03 | 2.432     | 0.4534    | 5.005e-05 |
kupiec result: Reject the null hypothesis. Default count: 11
| 277       | -0.03642  | 117.4     | 0.3426    | 11.23     | 0.01277   | 27.7      | 7.853     | 3.888     | 97.1      | 1.88e+03  | 3.032     | 0.2574    | 9.371e-05 |
kupiec result: Reject the null hypothesis. Default count: 3
| 278       | -0.08266  | 160.1     | 0.3016    | 79.3      | 0.03528   | 6.684     | 13.59     | 11.43     | 152.0     | 1.282e+03 | 1.25      | 0.9353    | 3.652e-05 |
kupiec result: Reject the null hypothesis. Default count: 21
